Using pre-set license
Built from '2022.2/staging' branch; Version is '2022.2.10f1 (bcebec703747) revision 12381164'; Using compiler version '192829333'; Build Type 'Release'
OS: 'Windows 10  (10.0.19045) 64bit Professional' Language: 'ru' Physical Memory: 16236 MB
BatchMode: 1, IsHumanControllingUs: 0, StartBugReporterOnCrash: 0, Is64bit: 1, IsPro: 1

COMMAND LINE ARGUMENTS:
D:\Unity\Editors\2022.2.10f1\Editor\Unity.exe
-adb2
-batchMode
-noUpm
-name
AssetImportWorker12
-projectPath
D:/Unity/Projects/Lug-Tanks
-logFile
Logs/AssetImportWorker12.log
-srvPort
62398
Successfully changed project path to: D:/Unity/Projects/Lug-Tanks
D:/Unity/Projects/Lug-Tanks
[UnityMemory] Configuration Parameters - Can be set up in boot.config
    "memorysetup-bucket-allocator-granularity=16"
    "memorysetup-bucket-allocator-bucket-count=8"
    "memorysetup-bucket-allocator-block-size=33554432"
    "memorysetup-bucket-allocator-block-count=8"
    "memorysetup-main-allocator-block-size=16777216"
    "memorysetup-thread-allocator-block-size=16777216"
    "memorysetup-gfx-main-allocator-block-size=16777216"
    "memorysetup-gfx-thread-allocator-block-size=16777216"
    "memorysetup-cache-allocator-block-size=4194304"
    "memorysetup-typetree-allocator-block-size=2097152"
    "memorysetup-profiler-bucket-allocator-granularity=16"
    "memorysetup-profiler-bucket-allocator-bucket-count=8"
    "memorysetup-profiler-bucket-allocator-block-size=33554432"
    "memorysetup-profiler-bucket-allocator-block-count=8"
    "memorysetup-profiler-allocator-block-size=16777216"
    "memorysetup-profiler-editor-allocator-block-size=1048576"
    "memorysetup-temp-allocator-size-main=16777216"
    "memorysetup-job-temp-allocator-block-size=2097152"
    "memorysetup-job-temp-allocator-block-size-background=1048576"
    "memorysetup-job-temp-allocator-reduction-small-platforms=262144"
    "memorysetup-temp-allocator-size-background-worker=32768"
    "memorysetup-temp-allocator-size-job-worker=262144"
    "memorysetup-temp-allocator-size-preload-manager=33554432"
    "memorysetup-temp-allocator-size-nav-mesh-worker=65536"
    "memorysetup-temp-allocator-size-audio-worker=65536"
    "memorysetup-temp-allocator-size-cloud-worker=32768"
    "memorysetup-temp-allocator-size-gi-baking-worker=262144"
    "memorysetup-temp-allocator-size-gfx=262144"
Player connection [33532] Host "[IP] 100.101.240.219 [Port] 0 [Flags] 2 [Guid] 589578320 [EditorId] 589578320 [Version] 1048832 [Id] WindowsEditor(7,DESKTOP-VH8M8RJ) [Debug] 1 [PackageName] WindowsEditor [ProjectName] Editor" joined multi-casting on [225.0.0.222:54997]...

Player connection [33532] Host "[IP] 100.101.240.219 [Port] 0 [Flags] 2 [Guid] 589578320 [EditorId] 589578320 [Version] 1048832 [Id] WindowsEditor(7,DESKTOP-VH8M8RJ) [Debug] 1 [PackageName] WindowsEditor [ProjectName] Editor" joined alternative multi-casting on [225.0.0.222:34997]...

Refreshing native plugins compatible for Editor in 7.40 ms, found 0 plugins.
Preloading 0 native plugins for Editor in 0.00 ms.
Initialize engine version: 2022.2.10f1 (bcebec703747)
[Subsystems] Discovering subsystems at path D:/Unity/Editors/2022.2.10f1/Editor/Data/Resources/UnitySubsystems
[Subsystems] Discovering subsystems at path D:/Unity/Projects/Lug-Tanks/Assets
GfxDevice: creating device client; threaded=0; jobified=0
Direct3D:
    Version:  Direct3D 11.0 [level 11.1]
    Renderer: NVIDIA GeForce RTX 3050 Laptop GPU (ID=0x25e2)
    Vendor:   NVIDIA
    VRAM:     3977 MB
    Driver:   31.0.15.3623
Initialize mono
Mono path[0] = 'D:/Unity/Editors/2022.2.10f1/Editor/Data/Managed'
Mono path[1] = 'D:/Unity/Editors/2022.2.10f1/Editor/Data/MonoBleedingEdge/lib/mono/unityjit-win32'
Mono config path = 'D:/Unity/Editors/2022.2.10f1/Editor/Data/MonoBleedingEdge/etc'
Using monoOptions --debugger-agent=transport=dt_socket,embedding=1,server=y,suspend=n,address=127.0.0.1:56816
Begin MonoManager ReloadAssembly
Registering precompiled unity dll's ...
Register platform support module: D:/Unity/Editors/2022.2.10f1/Editor/Data/PlaybackEngines/WebGLSupport/UnityEditor.WebGL.Extensions.dll
Register platform support module: D:/Unity/Editors/2022.2.10f1/Editor/Data/PlaybackEngines/AndroidPlayer/UnityEditor.Android.Extensions.dll
Register platform support module: D:/Unity/Editors/2022.2.10f1/Editor/Data/PlaybackEngines/WindowsStandaloneSupport/UnityEditor.WindowsStandalone.Extensions.dll
Registered in 0.006703 seconds.
- Loaded All Assemblies, in  0.382 seconds
Native extension for WindowsStandalone target not found
Native extension for Android target not found
Android Extension - Scanning For ADB Devices 304 ms
Native extension for WebGL target not found
Mono: successfully reloaded assembly
- Finished resetting the current domain, in  0.681 seconds
Domain Reload Profiling:
	ReloadAssembly (194ms)
		BeginReloadAssembly (78ms)
			ExecutionOrderSort (0ms)
			DisableScriptedObjects (0ms)
			BackupInstance (0ms)
			ReleaseScriptingObjects (0ms)
			CreateAndSetChildDomain (1ms)
		LoadAllAssembliesAndSetupDomain (0ms)
			LoadAssemblies (78ms)
			RebuildTransferFunctionScriptingTraits (0ms)
			SetupTypeCache (184ms)
				TypeCache.Initialize (183ms)
					TypeCache.ScanAssembly (181ms)
				ResolveRequiredComponents (1ms)
		FinalizeReload (0ms)
			ReleaseScriptCaches (0ms)
			RebuildScriptCaches (0ms)
			SetupLoadedEditorAssemblies (604ms)
				LogAssemblyErrors (0ms)
				InitializePlatformSupportModulesInManaged (420ms)
				SetLoadedEditorAssemblies (6ms)
				RefreshPlugins (0ms)
				BeforeProcessingInitializeOnLoad (2ms)
				ProcessInitializeOnLoadAttributes (124ms)
				ProcessInitializeOnLoadMethodAttributes (52ms)
				AfterProcessingInitializeOnLoad (0ms)
				EditorAssembliesLoaded (0ms)
			ExecutionOrderSort2 (0ms)
			AwakeInstancesAfterBackupRestoration (0ms)
========================================================================
Worker process is ready to serve import requests
Begin MonoManager ReloadAssembly
- Loaded All Assemblies, in  0.533 seconds
Refreshing native plugins compatible for Editor in 1.57 ms, found 0 plugins.
Native extension for WindowsStandalone target not found
Native extension for Android target not found
Native extension for WebGL target not found
Mono: successfully reloaded assembly
- Finished resetting the current domain, in  0.498 seconds
Domain Reload Profiling:
	ReloadAssembly (179ms)
		BeginReloadAssembly (112ms)
			ExecutionOrderSort (0ms)
			DisableScriptedObjects (6ms)
			BackupInstance (0ms)
			ReleaseScriptingObjects (0ms)
			CreateAndSetChildDomain (21ms)
		LoadAllAssembliesAndSetupDomain (353ms)
			LoadAssemblies (179ms)
			RebuildTransferFunctionScriptingTraits (0ms)
			SetupTypeCache (226ms)
				TypeCache.Initialize (198ms)
					TypeCache.ScanAssembly (194ms)
				ResolveRequiredComponents (10ms)
		FinalizeReload (0ms)
			ReleaseScriptCaches (0ms)
			RebuildScriptCaches (0ms)
			SetupLoadedEditorAssemblies (346ms)
				LogAssemblyErrors (0ms)
				InitializePlatformSupportModulesInManaged (19ms)
				SetLoadedEditorAssemblies (3ms)
				RefreshPlugins (0ms)
				BeforeProcessingInitializeOnLoad (54ms)
				ProcessInitializeOnLoadAttributes (184ms)
				ProcessInitializeOnLoadMethodAttributes (83ms)
				AfterProcessingInitializeOnLoad (3ms)
				EditorAssembliesLoaded (0ms)
			ExecutionOrderSort2 (0ms)
			AwakeInstancesAfterBackupRestoration (6ms)
Launched and connected shader compiler UnityShaderCompiler.exe after 0.04 seconds
Refreshing native plugins compatible for Editor in 1.74 ms, found 0 plugins.
Preloading 0 native plugins for Editor in 0.00 ms.
Unloading 3611 Unused Serialized files (Serialized files now loaded: 0)
Unloading 70 unused Assets / (1.7 MB). Loaded Objects now: 4071.
Memory consumption went from 0.60 GB to 0.60 GB.
Total: 3.654400 ms (FindLiveObjects: 0.313600 ms CreateObjectMapping: 0.133000 ms MarkObjects: 2.752100 ms  DeleteObjects: 0.454300 ms)

AssetImportParameters requested are different than current active one (requested -> active):
  custom:container-demuxer-ogg: 62fdf1f143b41e24485cea50d1cbac27 -> 
  custom:video-decoder-ogg-theora: a1e56fd34408186e4bbccfd4996cb3dc -> 
  custom:framework-win-MediaFoundation: 216162199b28c13a410421893ffa2e32 -> 
  custom:container-demuxer-webm: 4f35f7cbe854078d1ac9338744f61a02 -> 
  custom:container-muxer-webm: aa71ff27fc2769a1b78a27578f13a17b -> 
  custom:video-decoder-webm-vp8: 9c59270c3fd7afecdb556c50c9e8de78 -> 
  custom:SearchIndexIgnoredProperties: e643bd26f0fe6173181afceb89e7c659 -> 
  custom:AudioImporter_EditorPlatform: d09bf68614088b80899f8185d706f6e7 -> 
  custom:video-encoder-webm-vp8: eb34c28f22e8b96e1ab97ce403110664 -> 
  custom:audio-decoder-ogg-vorbis: bf7c407c2cedff20999df2af8eb42d56 -> 
  custom:audio-encoder-webm-vorbis: bf7c407c2cedff20999df2af8eb42d56 -> 
========================================================================
Received Import Request.
  Time since last request: 51327.550127 seconds.
  path: Assets/Materials/ConcteteWall.mat
  artifactKey: Guid(1f8495786aa437847b64aee5678d233d) Importer(815301076,1909f56bfc062723c751e8b465ee728b)
Start importing Assets/Materials/ConcteteWall.mat using Guid(1f8495786aa437847b64aee5678d233d) Importer(815301076,1909f56bfc062723c751e8b465ee728b)  -> (artifact id: '325aec30657fde032386e26020246492') in 0.357615 seconds 
Number of updated asset objects reloaded before import = 0
Number of asset objects unloaded after import = 4
========================================================================
Received Import Request.
  Time since last request: 0.000023 seconds.
  path: Assets/Materials/Tubes.mat
  artifactKey: Guid(98484ea510d910540957436eb3ca89e7) Importer(815301076,1909f56bfc062723c751e8b465ee728b)
Start importing Assets/Materials/Tubes.mat using Guid(98484ea510d910540957436eb3ca89e7) Importer(815301076,1909f56bfc062723c751e8b465ee728b)  -> (artifact id: 'bb36d710d1342b7cda91b2daa81a5ecc') in 0.018979 seconds 
Number of updated asset objects reloaded before import = 0
Number of asset objects unloaded after import = 3
========================================================================
Received Import Request.
  Time since last request: 0.000039 seconds.
  path: Assets/Materials/Track.mat
  artifactKey: Guid(cca33a15e12a0ec4baf3692ca0de655d) Importer(815301076,1909f56bfc062723c751e8b465ee728b)
Start importing Assets/Materials/Track.mat using Guid(cca33a15e12a0ec4baf3692ca0de655d) Importer(815301076,1909f56bfc062723c751e8b465ee728b)  -> (artifact id: 'e780ab70b51ff750b0e3cb360d1d234f') in 0.019996 seconds 
Number of updated asset objects reloaded before import = 0
Number of asset objects unloaded after import = 3
========================================================================
Received Import Request.
  Time since last request: 0.000020 seconds.
  path: Assets/Materials/Sand.mat
  artifactKey: Guid(86fbc27b1253edd46a45e179cb2ad586) Importer(815301076,1909f56bfc062723c751e8b465ee728b)
Start importing Assets/Materials/Sand.mat using Guid(86fbc27b1253edd46a45e179cb2ad586) Importer(815301076,1909f56bfc062723c751e8b465ee728b)  -> (artifact id: '677fd256decb4df66a5037a09b9823ad') in 0.012265 seconds 
Number of updated asset objects reloaded before import = 0
Number of asset objects unloaded after import = 3
========================================================================
Received Import Request.
  Time since last request: 0.000021 seconds.
  path: Assets/Materials/Grass.mat
  artifactKey: Guid(e51c8f22d18fe4d48aa2258cbc8c4a84) Importer(815301076,1909f56bfc062723c751e8b465ee728b)
Start importing Assets/Materials/Grass.mat using Guid(e51c8f22d18fe4d48aa2258cbc8c4a84) Importer(815301076,1909f56bfc062723c751e8b465ee728b)  -> (artifact id: '02e1f671e56f6e4571ecc964872dcfff') in 0.019035 seconds 
Number of updated asset objects reloaded before import = 0
Number of asset objects unloaded after import = 3
========================================================================
Received Import Request.
  Time since last request: 0.000022 seconds.
  path: Assets/Models/TanksModels.fbx
  artifactKey: Guid(9eee52f8eb91c7a46b56debc5480db4e) Importer(815301076,1909f56bfc062723c751e8b465ee728b)
Start importing Assets/Models/TanksModels.fbx using Guid(9eee52f8eb91c7a46b56debc5480db4e) Importer(815301076,1909f56bfc062723c751e8b465ee728b)  -> (artifact id: '755498607c2d59b6b2cc7e7c63324fd4') in 0.294676 seconds 
Number of updated asset objects reloaded before import = 0
Number of asset objects unloaded after import = 115
========================================================================
Received Import Request.
  Time since last request: 0.000032 seconds.
  path: Assets/Materials/Decal.mat
  artifactKey: Guid(ea70f3f338b360a4595a32263c2095cd) Importer(815301076,1909f56bfc062723c751e8b465ee728b)
Start importing Assets/Materials/Decal.mat using Guid(ea70f3f338b360a4595a32263c2095cd) Importer(815301076,1909f56bfc062723c751e8b465ee728b)  -> (artifact id: 'fe7e026a1285bfd6cdb0672ac0ffff6b') in 0.012142 seconds 
Number of updated asset objects reloaded before import = 0
Number of asset objects unloaded after import = 4
========================================================================
Received Import Request.
  Time since last request: 0.000043 seconds.
  path: Assets/Materials/Roof.mat
  artifactKey: Guid(8855ba1b2ac042f499335fb80a5a015b) Importer(815301076,1909f56bfc062723c751e8b465ee728b)
Start importing Assets/Materials/Roof.mat using Guid(8855ba1b2ac042f499335fb80a5a015b) Importer(815301076,1909f56bfc062723c751e8b465ee728b)  -> (artifact id: '4bc9b2d1af571d1f70d42ede5d28dd0a') in 0.011492 seconds 
Number of updated asset objects reloaded before import = 0
Number of asset objects unloaded after import = 3
========================================================================
Received Import Request.
  Time since last request: 0.000021 seconds.
  path: Assets/Materials/Window.mat
  artifactKey: Guid(3f9fde173faf70f4c9c482760bd51cfb) Importer(815301076,1909f56bfc062723c751e8b465ee728b)
Start importing Assets/Materials/Window.mat using Guid(3f9fde173faf70f4c9c482760bd51cfb) Importer(815301076,1909f56bfc062723c751e8b465ee728b)  -> (artifact id: '59e42842b9daacd0c9540ad53abd1935') in 0.013057 seconds 
Number of updated asset objects reloaded before import = 0
Number of asset objects unloaded after import = 3
========================================================================
Received Import Request.
  Time since last request: 0.000028 seconds.
  path: Assets/Materials/Shaders/Anti-Tiling.shadergraph
  artifactKey: Guid(16ca25543b8134343bc3e1ff21295730) Importer(815301076,1909f56bfc062723c751e8b465ee728b)
Start importing Assets/Materials/Shaders/Anti-Tiling.shadergraph using Guid(16ca25543b8134343bc3e1ff21295730) Importer(815301076,1909f56bfc062723c751e8b465ee728b)  -> (artifact id: '49e0ef3edae909ae52dddb8e14e28f50') in 0.011920 seconds 
Number of updated asset objects reloaded before import = 0
Number of asset objects unloaded after import = 3
========================================================================
Received Import Request.
  Time since last request: 0.000017 seconds.
  path: Assets/Models/Map2.fbx
  artifactKey: Guid(11a8dbd2747266743b0f353d571881b6) Importer(815301076,1909f56bfc062723c751e8b465ee728b)
Start importing Assets/Models/Map2.fbx using Guid(11a8dbd2747266743b0f353d571881b6) Importer(815301076,1909f56bfc062723c751e8b465ee728b)  -> (artifact id: 'e391941117d1fb98b2012507daae9588') in 0.087550 seconds 
Number of updated asset objects reloaded before import = 0
Number of asset objects unloaded after import = 39
========================================================================
Received Import Request.
  Time since last request: 0.000020 seconds.
  path: Assets/Materials/Metal.mat
  artifactKey: Guid(9d32dfb1973a34641bec4093bfb44578) Importer(815301076,1909f56bfc062723c751e8b465ee728b)
Start importing Assets/Materials/Metal.mat using Guid(9d32dfb1973a34641bec4093bfb44578) Importer(815301076,1909f56bfc062723c751e8b465ee728b)  -> (artifact id: '025144c0e567875e5bfb774a0994e003') in 0.009432 seconds 
Number of updated asset objects reloaded before import = 0
Number of asset objects unloaded after import = 3
========================================================================
Received Import Request.
  Time since last request: 0.000019 seconds.
  path: Assets/Materials/Shaders/Grass.shadergraph
  artifactKey: Guid(a87e6b30d18d96a448fa3ceb2810804c) Importer(815301076,1909f56bfc062723c751e8b465ee728b)
Start importing Assets/Materials/Shaders/Grass.shadergraph using Guid(a87e6b30d18d96a448fa3ceb2810804c) Importer(815301076,1909f56bfc062723c751e8b465ee728b)  -> (artifact id: '70d2501b6105c3fa4b54ca55b70ffb62') in 0.009746 seconds 
Number of updated asset objects reloaded before import = 0
Number of asset objects unloaded after import = 3
========================================================================
Received Import Request.
  Time since last request: 0.000027 seconds.
  path: Assets/Materials/Metal-Tiled.mat
  artifactKey: Guid(8c5d164c7cf310d4f902a6e0af6a5f13) Importer(815301076,1909f56bfc062723c751e8b465ee728b)
Start importing Assets/Materials/Metal-Tiled.mat using Guid(8c5d164c7cf310d4f902a6e0af6a5f13) Importer(815301076,1909f56bfc062723c751e8b465ee728b)  -> (artifact id: 'eb3f8e3f725e8b237ea7d41c7832a928') in 0.009730 seconds 
Number of updated asset objects reloaded before import = 0
Number of asset objects unloaded after import = 3
========================================================================
Received Import Request.
  Time since last request: 0.000028 seconds.
  path: Assets/Materials/DeadTank.mat
  artifactKey: Guid(ed65a84a3c20e2e4aad03018ac6f9003) Importer(815301076,1909f56bfc062723c751e8b465ee728b)
Start importing Assets/Materials/DeadTank.mat using Guid(ed65a84a3c20e2e4aad03018ac6f9003) Importer(815301076,1909f56bfc062723c751e8b465ee728b)  -> (artifact id: 'b980ab15d250068a6f1613be89f37ccb') in 0.011392 seconds 
Number of updated asset objects reloaded before import = 0
Number of asset objects unloaded after import = 3
========================================================================
Received Import Request.
  Time since last request: 0.000018 seconds.
  path: Assets/Materials/Tanks.mat
  artifactKey: Guid(55f0a81e155e5ca41b2291f2a7b125f9) Importer(815301076,1909f56bfc062723c751e8b465ee728b)
Start importing Assets/Materials/Tanks.mat using Guid(55f0a81e155e5ca41b2291f2a7b125f9) Importer(815301076,1909f56bfc062723c751e8b465ee728b)  -> (artifact id: '55b7b8219609989a63cff84543b01597') in 0.012609 seconds 
Number of updated asset objects reloaded before import = 0
Number of asset objects unloaded after import = 3
========================================================================
Received Import Request.
  Time since last request: 0.000019 seconds.
  path: Assets/Packages/SkySerie Freebie/DarkStorm.mat
  artifactKey: Guid(2039a0ad0a9d05549928b70362f54902) Importer(815301076,1909f56bfc062723c751e8b465ee728b)
Start importing Assets/Packages/SkySerie Freebie/DarkStorm.mat using Guid(2039a0ad0a9d05549928b70362f54902) Importer(815301076,1909f56bfc062723c751e8b465ee728b)  -> (artifact id: '38af1619a214ccdc71ecff398f878ec8') in 0.011813 seconds 
Number of updated asset objects reloaded before import = 0
Number of asset objects unloaded after import = 3
========================================================================
Received Import Request.
  Time since last request: 0.000021 seconds.
  path: Assets/Materials/Fire.mat
  artifactKey: Guid(9eae774bbd8e63d4a82e742cf1b4a099) Importer(815301076,1909f56bfc062723c751e8b465ee728b)
Start importing Assets/Materials/Fire.mat using Guid(9eae774bbd8e63d4a82e742cf1b4a099) Importer(815301076,1909f56bfc062723c751e8b465ee728b)  -> (artifact id: 'bac874b666b98ea84cc641d5ab0a0421') in 0.014037 seconds 
Number of updated asset objects reloaded before import = 0
Number of asset objects unloaded after import = 3
========================================================================
Received Import Request.
  Time since last request: 0.000022 seconds.
  path: Assets/Models/Env.fbx
  artifactKey: Guid(e1e0c08fcdcd09345bfa67a77f6971f7) Importer(815301076,1909f56bfc062723c751e8b465ee728b)
Start importing Assets/Models/Env.fbx using Guid(e1e0c08fcdcd09345bfa67a77f6971f7) Importer(815301076,1909f56bfc062723c751e8b465ee728b)  -> (artifact id: 'd8d38c490d83ff3e817f87b02b085040') in 0.179772 seconds 
Number of updated asset objects reloaded before import = 0
Number of asset objects unloaded after import = 69
========================================================================
Received Import Request.
  Time since last request: 0.232628 seconds.
  path: Assets/Materials/BaseGrass.mat
  artifactKey: Guid(4b5f3f3477a57f540a221c23c3fde03a) Importer(815301076,1909f56bfc062723c751e8b465ee728b)
Start importing Assets/Materials/BaseGrass.mat using Guid(4b5f3f3477a57f540a221c23c3fde03a) Importer(815301076,1909f56bfc062723c751e8b465ee728b)  -> (artifact id: '122ff8b27181f7603196639480d8adc1') in 0.011420 seconds 
Number of updated asset objects reloaded before import = 0
Number of asset objects unloaded after import = 3
========================================================================
Received Import Request.
  Time since last request: 0.000018 seconds.
  path: Assets/Materials/Brick.mat
  artifactKey: Guid(d9982fdf384e99a47858f75df112e797) Importer(815301076,1909f56bfc062723c751e8b465ee728b)
Start importing Assets/Materials/Brick.mat using Guid(d9982fdf384e99a47858f75df112e797) Importer(815301076,1909f56bfc062723c751e8b465ee728b)  -> (artifact id: '296797d5a85d921c272d7b7b7cf80662') in 0.011970 seconds 
Number of updated asset objects reloaded before import = 0
Number of asset objects unloaded after import = 3
========================================================================
Received Import Request.
  Time since last request: 0.000018 seconds.
  path: Assets/Models/WallLod.fbx
  artifactKey: Guid(e6f0f7052d23a8d4fbc1ac8830f82d85) Importer(815301076,1909f56bfc062723c751e8b465ee728b)
Start importing Assets/Models/WallLod.fbx using Guid(e6f0f7052d23a8d4fbc1ac8830f82d85) Importer(815301076,1909f56bfc062723c751e8b465ee728b)  -> (artifact id: '28d0a6a3fc814279f38f37efd3649b8b') in 0.021640 seconds 
Number of updated asset objects reloaded before import = 0
Number of asset objects unloaded after import = 10
Editor requested this worker to shutdown with reason: Scaling down because of idle timeout
TcpMessagingSession - receive error: operation aborted. errorcode: 995, details: Операция ввода/вывода была прервана из-за завершения потока команд или по запросу приложения.
AssetImportWorker is now disconnected from the server
Process exiting
Exiting without the bug reporter. Application will terminate with return code 0