Using pre-set license
Built from '2022.2/staging' branch; Version is '2022.2.10f1 (bcebec703747) revision 12381164'; Using compiler version '192829333'; Build Type 'Release'
OS: 'Windows 10  (10.0.19045) 64bit Professional' Language: 'ru' Physical Memory: 16236 MB
BatchMode: 1, IsHumanControllingUs: 0, StartBugReporterOnCrash: 0, Is64bit: 1, IsPro: 1

COMMAND LINE ARGUMENTS:
D:\Unity\Editors\2022.2.10f1\Editor\Unity.exe
-adb2
-batchMode
-noUpm
-name
AssetImportWorker2
-projectPath
D:/Unity/Projects/Lug-Tanks
-logFile
Logs/AssetImportWorker2.log
-srvPort
64653
Successfully changed project path to: D:/Unity/Projects/Lug-Tanks
D:/Unity/Projects/Lug-Tanks
[UnityMemory] Configuration Parameters - Can be set up in boot.config
    "memorysetup-bucket-allocator-granularity=16"
    "memorysetup-bucket-allocator-bucket-count=8"
    "memorysetup-bucket-allocator-block-size=33554432"
    "memorysetup-bucket-allocator-block-count=8"
    "memorysetup-main-allocator-block-size=16777216"
    "memorysetup-thread-allocator-block-size=16777216"
    "memorysetup-gfx-main-allocator-block-size=16777216"
    "memorysetup-gfx-thread-allocator-block-size=16777216"
    "memorysetup-cache-allocator-block-size=4194304"
    "memorysetup-typetree-allocator-block-size=2097152"
    "memorysetup-profiler-bucket-allocator-granularity=16"
    "memorysetup-profiler-bucket-allocator-bucket-count=8"
    "memorysetup-profiler-bucket-allocator-block-size=33554432"
    "memorysetup-profiler-bucket-allocator-block-count=8"
    "memorysetup-profiler-allocator-block-size=16777216"
    "memorysetup-profiler-editor-allocator-block-size=1048576"
    "memorysetup-temp-allocator-size-main=16777216"
    "memorysetup-job-temp-allocator-block-size=2097152"
    "memorysetup-job-temp-allocator-block-size-background=1048576"
    "memorysetup-job-temp-allocator-reduction-small-platforms=262144"
    "memorysetup-temp-allocator-size-background-worker=32768"
    "memorysetup-temp-allocator-size-job-worker=262144"
    "memorysetup-temp-allocator-size-preload-manager=33554432"
    "memorysetup-temp-allocator-size-nav-mesh-worker=65536"
    "memorysetup-temp-allocator-size-audio-worker=65536"
    "memorysetup-temp-allocator-size-cloud-worker=32768"
    "memorysetup-temp-allocator-size-gi-baking-worker=262144"
    "memorysetup-temp-allocator-size-gfx=262144"
Player connection [20232] Host "[IP] 100.103.233.91 [Port] 0 [Flags] 2 [Guid] 80049327 [EditorId] 80049327 [Version] 1048832 [Id] WindowsEditor(7,DESKTOP-VH8M8RJ) [Debug] 1 [PackageName] WindowsEditor [ProjectName] Editor" joined multi-casting on [225.0.0.222:54997]...

Player connection [20232] Host "[IP] 100.103.233.91 [Port] 0 [Flags] 2 [Guid] 80049327 [EditorId] 80049327 [Version] 1048832 [Id] WindowsEditor(7,DESKTOP-VH8M8RJ) [Debug] 1 [PackageName] WindowsEditor [ProjectName] Editor" joined alternative multi-casting on [225.0.0.222:34997]...

Refreshing native plugins compatible for Editor in 6.48 ms, found 0 plugins.
Preloading 0 native plugins for Editor in 0.00 ms.
Initialize engine version: 2022.2.10f1 (bcebec703747)
[Subsystems] Discovering subsystems at path D:/Unity/Editors/2022.2.10f1/Editor/Data/Resources/UnitySubsystems
[Subsystems] Discovering subsystems at path D:/Unity/Projects/Lug-Tanks/Assets
GfxDevice: creating device client; threaded=0; jobified=0
Direct3D:
    Version:  Direct3D 11.0 [level 11.1]
    Renderer: NVIDIA GeForce RTX 3050 Laptop GPU (ID=0x25e2)
    Vendor:   NVIDIA
    VRAM:     3977 MB
    Driver:   31.0.15.3623
Initialize mono
Mono path[0] = 'D:/Unity/Editors/2022.2.10f1/Editor/Data/Managed'
Mono path[1] = 'D:/Unity/Editors/2022.2.10f1/Editor/Data/MonoBleedingEdge/lib/mono/unityjit-win32'
Mono config path = 'D:/Unity/Editors/2022.2.10f1/Editor/Data/MonoBleedingEdge/etc'
Using monoOptions --debugger-agent=transport=dt_socket,embedding=1,server=y,suspend=n,address=127.0.0.1:56840
Begin MonoManager ReloadAssembly
Registering precompiled unity dll's ...
Register platform support module: D:/Unity/Editors/2022.2.10f1/Editor/Data/PlaybackEngines/WebGLSupport/UnityEditor.WebGL.Extensions.dll
Register platform support module: D:/Unity/Editors/2022.2.10f1/Editor/Data/PlaybackEngines/AndroidPlayer/UnityEditor.Android.Extensions.dll
Register platform support module: D:/Unity/Editors/2022.2.10f1/Editor/Data/PlaybackEngines/WindowsStandaloneSupport/UnityEditor.WindowsStandalone.Extensions.dll
Registered in 0.006698 seconds.
- Loaded All Assemblies, in  0.369 seconds
Native extension for WindowsStandalone target not found
Native extension for Android target not found
Android Extension - Scanning For ADB Devices 271 ms
Native extension for WebGL target not found
Mono: successfully reloaded assembly
- Finished resetting the current domain, in  0.609 seconds
Domain Reload Profiling:
	ReloadAssembly (207ms)
		BeginReloadAssembly (92ms)
			ExecutionOrderSort (0ms)
			DisableScriptedObjects (0ms)
			BackupInstance (0ms)
			ReleaseScriptingObjects (0ms)
			CreateAndSetChildDomain (1ms)
		LoadAllAssembliesAndSetupDomain (0ms)
			LoadAssemblies (91ms)
			RebuildTransferFunctionScriptingTraits (0ms)
			SetupTypeCache (157ms)
				TypeCache.Initialize (156ms)
					TypeCache.ScanAssembly (154ms)
				ResolveRequiredComponents (1ms)
		FinalizeReload (0ms)
			ReleaseScriptCaches (0ms)
			RebuildScriptCaches (0ms)
			SetupLoadedEditorAssemblies (541ms)
				LogAssemblyErrors (0ms)
				InitializePlatformSupportModulesInManaged (370ms)
				SetLoadedEditorAssemblies (4ms)
				RefreshPlugins (0ms)
				BeforeProcessingInitializeOnLoad (1ms)
				ProcessInitializeOnLoadAttributes (110ms)
				ProcessInitializeOnLoadMethodAttributes (55ms)
				AfterProcessingInitializeOnLoad (0ms)
				EditorAssembliesLoaded (0ms)
			ExecutionOrderSort2 (0ms)
			AwakeInstancesAfterBackupRestoration (0ms)
========================================================================
Worker process is ready to serve import requests
Begin MonoManager ReloadAssembly
- Loaded All Assemblies, in  0.598 seconds
Refreshing native plugins compatible for Editor in 1.93 ms, found 0 plugins.
Native extension for WindowsStandalone target not found
Native extension for Android target not found
Native extension for WebGL target not found
Mono: successfully reloaded assembly
- Finished resetting the current domain, in  0.530 seconds
Domain Reload Profiling:
	ReloadAssembly (222ms)
		BeginReloadAssembly (135ms)
			ExecutionOrderSort (0ms)
			DisableScriptedObjects (7ms)
			BackupInstance (0ms)
			ReleaseScriptingObjects (0ms)
			CreateAndSetChildDomain (28ms)
		LoadAllAssembliesAndSetupDomain (374ms)
			LoadAssemblies (206ms)
			RebuildTransferFunctionScriptingTraits (0ms)
			SetupTypeCache (228ms)
				TypeCache.Initialize (196ms)
					TypeCache.ScanAssembly (192ms)
				ResolveRequiredComponents (12ms)
		FinalizeReload (0ms)
			ReleaseScriptCaches (0ms)
			RebuildScriptCaches (0ms)
			SetupLoadedEditorAssemblies (351ms)
				LogAssemblyErrors (0ms)
				InitializePlatformSupportModulesInManaged (21ms)
				SetLoadedEditorAssemblies (3ms)
				RefreshPlugins (0ms)
				BeforeProcessingInitializeOnLoad (56ms)
				ProcessInitializeOnLoadAttributes (188ms)
				ProcessInitializeOnLoadMethodAttributes (80ms)
				AfterProcessingInitializeOnLoad (3ms)
				EditorAssembliesLoaded (0ms)
			ExecutionOrderSort2 (0ms)
			AwakeInstancesAfterBackupRestoration (6ms)
Switching render pipeline 2a0764d4e4cd4f646878205f3a7a9fbc -> 63de8dfdf1f692147a8cd5a72080483e
Launched and connected shader compiler UnityShaderCompiler.exe after 0.05 seconds
Refreshing native plugins compatible for Editor in 2.50 ms, found 0 plugins.
Preloading 0 native plugins for Editor in 0.00 ms.
Unloading 3614 Unused Serialized files (Serialized files now loaded: 0)
Unloading 80 unused Assets / (327.9 KB). Loaded Objects now: 4064.
Memory consumption went from 0.60 GB to 0.60 GB.
Total: 4.897500 ms (FindLiveObjects: 0.405300 ms CreateObjectMapping: 0.169100 ms MarkObjects: 3.616900 ms  DeleteObjects: 0.704400 ms)

AssetImportParameters requested are different than current active one (requested -> active):
  custom:container-demuxer-ogg: 62fdf1f143b41e24485cea50d1cbac27 -> 
  custom:video-decoder-ogg-theora: a1e56fd34408186e4bbccfd4996cb3dc -> 
  custom:framework-win-MediaFoundation: 216162199b28c13a410421893ffa2e32 -> 
  custom:container-demuxer-webm: 4f35f7cbe854078d1ac9338744f61a02 -> 
  custom:container-muxer-webm: aa71ff27fc2769a1b78a27578f13a17b -> 
  custom:video-decoder-webm-vp8: 9c59270c3fd7afecdb556c50c9e8de78 -> 
  custom:SearchIndexIgnoredProperties: e643bd26f0fe6173181afceb89e7c659 -> 
  custom:AudioImporter_EditorPlatform: d09bf68614088b80899f8185d706f6e7 -> 
  custom:video-encoder-webm-vp8: eb34c28f22e8b96e1ab97ce403110664 -> 
  custom:audio-decoder-ogg-vorbis: bf7c407c2cedff20999df2af8eb42d56 -> 
  custom:audio-encoder-webm-vorbis: bf7c407c2cedff20999df2af8eb42d56 -> 
========================================================================
Received Prepare
Refreshing native plugins compatible for Editor in 2.15 ms, found 0 plugins.
Preloading 0 native plugins for Editor in 0.00 ms.
Unloading 24 Unused Serialized files (Serialized files now loaded: 0)
Unloading 17 unused Assets / (271.8 KB). Loaded Objects now: 4074.
Memory consumption went from 107.9 MB to 107.6 MB.
Total: 6.563400 ms (FindLiveObjects: 0.477400 ms CreateObjectMapping: 0.448000 ms MarkObjects: 5.449400 ms  DeleteObjects: 0.187200 ms)

Prepare: number of updated asset objects reloaded= 1
AssetImportParameters requested are different than current active one (requested -> active):
  custom:container-demuxer-ogg: 62fdf1f143b41e24485cea50d1cbac27 -> 
  custom:video-decoder-ogg-theora: a1e56fd34408186e4bbccfd4996cb3dc -> 
  custom:framework-win-MediaFoundation: 216162199b28c13a410421893ffa2e32 -> 
  custom:container-demuxer-webm: 4f35f7cbe854078d1ac9338744f61a02 -> 
  custom:container-muxer-webm: aa71ff27fc2769a1b78a27578f13a17b -> 
  custom:video-decoder-webm-vp8: 9c59270c3fd7afecdb556c50c9e8de78 -> 
  custom:SearchIndexIgnoredProperties: e643bd26f0fe6173181afceb89e7c659 -> 
  custom:AudioImporter_EditorPlatform: d09bf68614088b80899f8185d706f6e7 -> 
  custom:video-encoder-webm-vp8: eb34c28f22e8b96e1ab97ce403110664 -> 
  custom:audio-decoder-ogg-vorbis: bf7c407c2cedff20999df2af8eb42d56 -> 
  custom:audio-encoder-webm-vorbis: bf7c407c2cedff20999df2af8eb42d56 -> 
========================================================================
Received Import Request.
  Time since last request: 39877.690616 seconds.
  path: Assets/Materials/Shaders/DeadTank.shadergraph
  artifactKey: Guid(8bfe09b38e806ca49bcaa65bd556d83d) Importer(815301076,1909f56bfc062723c751e8b465ee728b)
Start importing Assets/Materials/Shaders/DeadTank.shadergraph using Guid(8bfe09b38e806ca49bcaa65bd556d83d) Importer(815301076,1909f56bfc062723c751e8b465ee728b)  -> (artifact id: '4ea12971025de8a07d21fe5cae18fa40') in 1.500522 seconds 
Number of updated asset objects reloaded before import = 0
Number of asset objects unloaded after import = 5
========================================================================
Received Import Request.
  Time since last request: 0.320193 seconds.
  path: Assets/Materials/Shaders/DeadTank.shadergraph
  artifactKey: Guid(8bfe09b38e806ca49bcaa65bd556d83d) Importer(2089858483,0ecaa5967403d082aa24f35e1b516d23)
Start importing Assets/Materials/Shaders/DeadTank.shadergraph using Guid(8bfe09b38e806ca49bcaa65bd556d83d) Importer(2089858483,0ecaa5967403d082aa24f35e1b516d23) Generated GUIDs only implemented for interfaces!
 -> (artifact id: '2478b9d074eb0c74515e51f11a105646') in 0.332680 seconds 
Number of updated asset objects reloaded before import = 0
Number of asset objects unloaded after import = 4
========================================================================
Received Import Request.
  Time since last request: 10.678515 seconds.
  path: Assets/Materials/Shaders/DeadTank.shadergraph
  artifactKey: Guid(8bfe09b38e806ca49bcaa65bd556d83d) Importer(815301076,1909f56bfc062723c751e8b465ee728b)
Start importing Assets/Materials/Shaders/DeadTank.shadergraph using Guid(8bfe09b38e806ca49bcaa65bd556d83d) Importer(815301076,1909f56bfc062723c751e8b465ee728b)  -> (artifact id: 'd15b81a5a1cd78a0540c089a8f1d672f') in 1.201397 seconds 
Number of updated asset objects reloaded before import = 1
Number of asset objects unloaded after import = 4
========================================================================
Received Import Request.
  Time since last request: 0.613972 seconds.
  path: Assets/Materials/Shaders/DeadTank.shadergraph
  artifactKey: Guid(8bfe09b38e806ca49bcaa65bd556d83d) Importer(2089858483,0ecaa5967403d082aa24f35e1b516d23)
Start importing Assets/Materials/Shaders/DeadTank.shadergraph using Guid(8bfe09b38e806ca49bcaa65bd556d83d) Importer(2089858483,0ecaa5967403d082aa24f35e1b516d23) Generated GUIDs only implemented for interfaces!
 -> (artifact id: '2f350559cd6437eada6a65715b37bb4f') in 0.026578 seconds 
Number of updated asset objects reloaded before import = 0
Number of asset objects unloaded after import = 4
========================================================================
Received Import Request.
  Time since last request: 18.181166 seconds.
  path: Assets/Materials/Ballons.mat
  artifactKey: Guid(a253a0a4adbc3394ba40bc118b8f4537) Importer(815301076,1909f56bfc062723c751e8b465ee728b)
Start importing Assets/Materials/Ballons.mat using Guid(a253a0a4adbc3394ba40bc118b8f4537) Importer(815301076,1909f56bfc062723c751e8b465ee728b)  -> (artifact id: 'ad94fcbe99a115f2e79d326753eea74c') in 0.021885 seconds 
Number of updated asset objects reloaded before import = 0
Number of asset objects unloaded after import = 3
========================================================================
Received Import Request.
  Time since last request: 0.000022 seconds.
  path: Assets/Materials/Blue.mat
  artifactKey: Guid(6608a11211768da4fa7d7df309535a41) Importer(815301076,1909f56bfc062723c751e8b465ee728b)
Start importing Assets/Materials/Blue.mat using Guid(6608a11211768da4fa7d7df309535a41) Importer(815301076,1909f56bfc062723c751e8b465ee728b)  -> (artifact id: 'f9a23253c57bd940cbec3a9624bb00ca') in 0.010978 seconds 
Number of updated asset objects reloaded before import = 0
Number of asset objects unloaded after import = 2
========================================================================
Received Import Request.
  Time since last request: 0.000025 seconds.
  path: Assets/Materials/ConcteteWall.mat
  artifactKey: Guid(1f8495786aa437847b64aee5678d233d) Importer(815301076,1909f56bfc062723c751e8b465ee728b)
Start importing Assets/Materials/ConcteteWall.mat using Guid(1f8495786aa437847b64aee5678d233d) Importer(815301076,1909f56bfc062723c751e8b465ee728b)  -> (artifact id: 'e6d10a4f8bfbfb7acad926f9189a3de4') in 0.879080 seconds 
Number of updated asset objects reloaded before import = 0
Number of asset objects unloaded after import = 3
========================================================================
Received Import Request.
  Time since last request: 0.000038 seconds.
  path: Assets/Materials/FadeConcteteWall.mat
  artifactKey: Guid(f8d0e84c4880f0443ad5b713418c3b0c) Importer(815301076,1909f56bfc062723c751e8b465ee728b)
Start importing Assets/Materials/FadeConcteteWall.mat using Guid(f8d0e84c4880f0443ad5b713418c3b0c) Importer(815301076,1909f56bfc062723c751e8b465ee728b)  -> (artifact id: '124f44591020433cee86c228c75761c1') in 1.052868 seconds 
Number of updated asset objects reloaded before import = 0
Number of asset objects unloaded after import = 3
========================================================================
Received Import Request.
  Time since last request: 0.000028 seconds.
  path: Assets/Materials/Metal.mat
  artifactKey: Guid(9d32dfb1973a34641bec4093bfb44578) Importer(815301076,1909f56bfc062723c751e8b465ee728b)
Start importing Assets/Materials/Metal.mat using Guid(9d32dfb1973a34641bec4093bfb44578) Importer(815301076,1909f56bfc062723c751e8b465ee728b)  -> (artifact id: '1dc39b617aa164e99579ce32f48b2098') in 0.012980 seconds 
Number of updated asset objects reloaded before import = 0
Number of asset objects unloaded after import = 3
========================================================================
Received Import Request.
  Time since last request: 0.000034 seconds.
  path: Assets/Materials/Grass.mat
  artifactKey: Guid(e51c8f22d18fe4d48aa2258cbc8c4a84) Importer(815301076,1909f56bfc062723c751e8b465ee728b)
Start importing Assets/Materials/Grass.mat using Guid(e51c8f22d18fe4d48aa2258cbc8c4a84) Importer(815301076,1909f56bfc062723c751e8b465ee728b)  -> (artifact id: '63d7bdd289b5a0223dd543f225725655') in 0.010470 seconds 
Number of updated asset objects reloaded before import = 0
Number of asset objects unloaded after import = 3
========================================================================
Received Import Request.
  Time since last request: 0.000024 seconds.
  path: Assets/Materials/Black.mat
  artifactKey: Guid(221b093517b007c409c42068e55d0cd2) Importer(815301076,1909f56bfc062723c751e8b465ee728b)
Start importing Assets/Materials/Black.mat using Guid(221b093517b007c409c42068e55d0cd2) Importer(815301076,1909f56bfc062723c751e8b465ee728b)  -> (artifact id: 'afbda362af5f2c536a6301b02299a873') in 0.010974 seconds 
Number of updated asset objects reloaded before import = 0
Number of asset objects unloaded after import = 3
========================================================================
Received Import Request.
  Time since last request: 0.000031 seconds.
  path: Assets/Materials/Bonus.mat
  artifactKey: Guid(d785b6dd30de08e4d9c2869f575be64f) Importer(815301076,1909f56bfc062723c751e8b465ee728b)
Start importing Assets/Materials/Bonus.mat using Guid(d785b6dd30de08e4d9c2869f575be64f) Importer(815301076,1909f56bfc062723c751e8b465ee728b)  -> (artifact id: 'ae16148687a28f08e00c409d5a4ed94a') in 0.012091 seconds 
Number of updated asset objects reloaded before import = 0
Number of asset objects unloaded after import = 3
========================================================================
Received Import Request.
  Time since last request: 0.000023 seconds.
  path: Assets/Materials/BlueParticles.mat
  artifactKey: Guid(c523e370643a3de49a02d747b3d7ad22) Importer(815301076,1909f56bfc062723c751e8b465ee728b)
Start importing Assets/Materials/BlueParticles.mat using Guid(c523e370643a3de49a02d747b3d7ad22) Importer(815301076,1909f56bfc062723c751e8b465ee728b)  -> (artifact id: '88b2da908affacd03e8dbdffc78788b5') in 0.010556 seconds 
Number of updated asset objects reloaded before import = 0
Number of asset objects unloaded after import = 2
========================================================================
Received Import Request.
  Time since last request: 0.000022 seconds.
  path: Assets/Materials/Decal.mat
  artifactKey: Guid(ea70f3f338b360a4595a32263c2095cd) Importer(815301076,1909f56bfc062723c751e8b465ee728b)
Start importing Assets/Materials/Decal.mat using Guid(ea70f3f338b360a4595a32263c2095cd) Importer(815301076,1909f56bfc062723c751e8b465ee728b)  -> (artifact id: 'c7b758282df02df37874f61bea205961') in 0.011736 seconds 
Number of updated asset objects reloaded before import = 0
Number of asset objects unloaded after import = 4
========================================================================
Received Import Request.
  Time since last request: 0.000022 seconds.
  path: Assets/Materials/Fire.mat
  artifactKey: Guid(9eae774bbd8e63d4a82e742cf1b4a099) Importer(815301076,1909f56bfc062723c751e8b465ee728b)
Start importing Assets/Materials/Fire.mat using Guid(9eae774bbd8e63d4a82e742cf1b4a099) Importer(815301076,1909f56bfc062723c751e8b465ee728b)  -> (artifact id: '69596be71667def47ee9ce96207a1437') in 0.016590 seconds 
Number of updated asset objects reloaded before import = 0
Number of asset objects unloaded after import = 3
========================================================================
Received Import Request.
  Time since last request: 0.000030 seconds.
  path: Assets/Materials/Line.mat
  artifactKey: Guid(7361b4b17b123c44d81911d5a9e96a56) Importer(815301076,1909f56bfc062723c751e8b465ee728b)
Start importing Assets/Materials/Line.mat using Guid(7361b4b17b123c44d81911d5a9e96a56) Importer(815301076,1909f56bfc062723c751e8b465ee728b)  -> (artifact id: '64d8c4d710aa26487c9519128922bf56') in 0.010015 seconds 
Number of updated asset objects reloaded before import = 0
Number of asset objects unloaded after import = 2
========================================================================
Received Import Request.
  Time since last request: 0.000021 seconds.
  path: Assets/Materials/Crate.mat
  artifactKey: Guid(771daa9a8dda8624f8c2cd7923696ce4) Importer(815301076,1909f56bfc062723c751e8b465ee728b)
Start importing Assets/Materials/Crate.mat using Guid(771daa9a8dda8624f8c2cd7923696ce4) Importer(815301076,1909f56bfc062723c751e8b465ee728b)  -> (artifact id: '4b35a3c34b77fb1e62b13097f8b2e1c6') in 0.012633 seconds 
Number of updated asset objects reloaded before import = 0
Number of asset objects unloaded after import = 3
========================================================================
Received Import Request.
  Time since last request: 0.000021 seconds.
  path: Assets/Materials/Map-2-Base.mat
  artifactKey: Guid(0becb804f46d9b146899257351282706) Importer(815301076,1909f56bfc062723c751e8b465ee728b)
Start importing Assets/Materials/Map-2-Base.mat using Guid(0becb804f46d9b146899257351282706) Importer(815301076,1909f56bfc062723c751e8b465ee728b)  -> (artifact id: '99a8976408902d4ea3765c47bbf4cc66') in 0.017041 seconds 
Number of updated asset objects reloaded before import = 0
Number of asset objects unloaded after import = 4
========================================================================
Received Import Request.
  Time since last request: 32.702441 seconds.
  path: Assets/Materials/Shaders/DeadTank.shadergraph
  artifactKey: Guid(8bfe09b38e806ca49bcaa65bd556d83d) Importer(2089858483,0ecaa5967403d082aa24f35e1b516d23)
Start importing Assets/Materials/Shaders/DeadTank.shadergraph using Guid(8bfe09b38e806ca49bcaa65bd556d83d) Importer(2089858483,0ecaa5967403d082aa24f35e1b516d23) Generated GUIDs only implemented for interfaces!
 -> (artifact id: '3b0b8f76c92f03d18b56e77c18e375ae') in 0.027898 seconds 
Number of updated asset objects reloaded before import = 1
Number of asset objects unloaded after import = 4
========================================================================
Received Import Request.
  Time since last request: 14.574679 seconds.
  path: Assets/Materials/Shaders/DeadTank.shadergraph
  artifactKey: Guid(8bfe09b38e806ca49bcaa65bd556d83d) Importer(2089858483,0ecaa5967403d082aa24f35e1b516d23)
Start importing Assets/Materials/Shaders/DeadTank.shadergraph using Guid(8bfe09b38e806ca49bcaa65bd556d83d) Importer(2089858483,0ecaa5967403d082aa24f35e1b516d23) Generated GUIDs only implemented for interfaces!
 -> (artifact id: '9dc761471fe2af0f16438d35fc14753b') in 0.218324 seconds 
Number of updated asset objects reloaded before import = 1
Number of asset objects unloaded after import = 4
========================================================================
Received Import Request.
  Time since last request: 21.511675 seconds.
  path: Assets/Materials/Shaders/DeadTank.shadergraph
  artifactKey: Guid(8bfe09b38e806ca49bcaa65bd556d83d) Importer(2089858483,0ecaa5967403d082aa24f35e1b516d23)
Start importing Assets/Materials/Shaders/DeadTank.shadergraph using Guid(8bfe09b38e806ca49bcaa65bd556d83d) Importer(2089858483,0ecaa5967403d082aa24f35e1b516d23) Generated GUIDs only implemented for interfaces!
 -> (artifact id: '096e304c96f64b81ce7685df2a6cd0ee') in 0.181706 seconds 
Number of updated asset objects reloaded before import = 1
Number of asset objects unloaded after import = 4
========================================================================
Received Import Request.
  Time since last request: 19.463225 seconds.
  path: Assets/Materials/Shaders/DeadTank.shadergraph
  artifactKey: Guid(8bfe09b38e806ca49bcaa65bd556d83d) Importer(2089858483,0ecaa5967403d082aa24f35e1b516d23)
Start importing Assets/Materials/Shaders/DeadTank.shadergraph using Guid(8bfe09b38e806ca49bcaa65bd556d83d) Importer(2089858483,0ecaa5967403d082aa24f35e1b516d23) Generated GUIDs only implemented for interfaces!
 -> (artifact id: '478d74d69bc5260589b4d9e1c26c1a0a') in 0.295364 seconds 
Number of updated asset objects reloaded before import = 1
Number of asset objects unloaded after import = 4
========================================================================
Received Import Request.
  Time since last request: 16.653672 seconds.
  path: Assets/Materials/Shaders/DeadTank.shadergraph
  artifactKey: Guid(8bfe09b38e806ca49bcaa65bd556d83d) Importer(2089858483,0ecaa5967403d082aa24f35e1b516d23)
Start importing Assets/Materials/Shaders/DeadTank.shadergraph using Guid(8bfe09b38e806ca49bcaa65bd556d83d) Importer(2089858483,0ecaa5967403d082aa24f35e1b516d23) Generated GUIDs only implemented for interfaces!
 -> (artifact id: '64d782461e80cfa6d63dab67e285e403') in 0.033025 seconds 
Number of updated asset objects reloaded before import = 1
Number of asset objects unloaded after import = 4
========================================================================
Received Import Request.
  Time since last request: 23.665605 seconds.
  path: Assets/Materials/DeadTank.mat
  artifactKey: Guid(ed65a84a3c20e2e4aad03018ac6f9003) Importer(815301076,1909f56bfc062723c751e8b465ee728b)
Start importing Assets/Materials/DeadTank.mat using Guid(ed65a84a3c20e2e4aad03018ac6f9003) Importer(815301076,1909f56bfc062723c751e8b465ee728b)  -> (artifact id: '6d26ddbf6baa395f8e8cba463bfdcb96') in 1.350842 seconds 
Number of updated asset objects reloaded before import = 1
Number of asset objects unloaded after import = 4
========================================================================
Received Import Request.
  Time since last request: 0.000035 seconds.
  path: Assets/Materials/Track.mat
  artifactKey: Guid(cca33a15e12a0ec4baf3692ca0de655d) Importer(815301076,1909f56bfc062723c751e8b465ee728b)
Start importing Assets/Materials/Track.mat using Guid(cca33a15e12a0ec4baf3692ca0de655d) Importer(815301076,1909f56bfc062723c751e8b465ee728b)  -> (artifact id: 'c230908be011476c71f101ae5a9ab3e3') in 0.013286 seconds 
Number of updated asset objects reloaded before import = 0
Number of asset objects unloaded after import = 3
========================================================================
Received Import Request.
  Time since last request: 0.000240 seconds.
  path: Assets/Scenes/Menu.unity
  artifactKey: Guid(f394fc39004dc854e81a1b622e212a4e) Importer(2089858483,0ecaa5967403d082aa24f35e1b516d23)
Start importing Assets/Scenes/Menu.unity using Guid(f394fc39004dc854e81a1b622e212a4e) Importer(2089858483,0ecaa5967403d082aa24f35e1b516d23) Generated GUIDs only implemented for interfaces!
 -> (artifact id: 'cb04c3d3c0bdfd908efcafe417101af8') in 0.004971 seconds 
Number of updated asset objects reloaded before import = 0
Number of asset objects unloaded after import = 1
========================================================================
Received Import Request.
  Time since last request: 0.000049 seconds.
  path: Assets/Materials/DeadTank.mat
  artifactKey: Guid(ed65a84a3c20e2e4aad03018ac6f9003) Importer(2089858483,0ecaa5967403d082aa24f35e1b516d23)
Start importing Assets/Materials/DeadTank.mat using Guid(ed65a84a3c20e2e4aad03018ac6f9003) Importer(2089858483,0ecaa5967403d082aa24f35e1b516d23) Generated GUIDs only implemented for interfaces!
 -> (artifact id: '33c5b403c4db6b8daf8ea5a5d47cae33') in 0.011364 seconds 
Number of updated asset objects reloaded before import = 0
Number of asset objects unloaded after import = 3
========================================================================
Received Import Request.
  Time since last request: 0.000021 seconds.
  path: Assets/Materials/Sand.mat
  artifactKey: Guid(86fbc27b1253edd46a45e179cb2ad586) Importer(815301076,1909f56bfc062723c751e8b465ee728b)
Start importing Assets/Materials/Sand.mat using Guid(86fbc27b1253edd46a45e179cb2ad586) Importer(815301076,1909f56bfc062723c751e8b465ee728b)  -> (artifact id: '6972f4a65639680e94df11e4dea23e4a') in 0.013998 seconds 
Number of updated asset objects reloaded before import = 0
Number of asset objects unloaded after import = 3
========================================================================
Received Import Request.
  Time since last request: 0.000022 seconds.
  path: Assets/Materials/Tanks.mat
  artifactKey: Guid(55f0a81e155e5ca41b2291f2a7b125f9) Importer(815301076,1909f56bfc062723c751e8b465ee728b)
Start importing Assets/Materials/Tanks.mat using Guid(55f0a81e155e5ca41b2291f2a7b125f9) Importer(815301076,1909f56bfc062723c751e8b465ee728b)  -> (artifact id: '77f7834c902ee7e3388bf507a0f12564') in 0.012764 seconds 
Number of updated asset objects reloaded before import = 0
Number of asset objects unloaded after import = 3
========================================================================
Received Import Request.
  Time since last request: 0.000020 seconds.
  path: Assets/Materials/Shader Graphs_Bush 1.mat
  artifactKey: Guid(d18c288e0fd4c51488f20b9c79f7fc16) Importer(815301076,1909f56bfc062723c751e8b465ee728b)
Start importing Assets/Materials/Shader Graphs_Bush 1.mat using Guid(d18c288e0fd4c51488f20b9c79f7fc16) Importer(815301076,1909f56bfc062723c751e8b465ee728b)  -> (artifact id: '214a470f0a2354359a09fefe2a4e50d9') in 0.012484 seconds 
Number of updated asset objects reloaded before import = 0
Number of asset objects unloaded after import = 3
========================================================================
Received Import Request.
  Time since last request: 0.000025 seconds.
  path: Assets/Materials/Smoke.mat
  artifactKey: Guid(b3ffd18a7e67c664889075ae9fc78a1f) Importer(815301076,1909f56bfc062723c751e8b465ee728b)
Start importing Assets/Materials/Smoke.mat using Guid(b3ffd18a7e67c664889075ae9fc78a1f) Importer(815301076,1909f56bfc062723c751e8b465ee728b)  -> (artifact id: '3a67778bec11fb900e3228625b99435c') in 0.011911 seconds 
Number of updated asset objects reloaded before import = 0
Number of asset objects unloaded after import = 3
========================================================================
Received Import Request.
  Time since last request: 0.000027 seconds.
  path: Assets/Materials/Shader Graphs_Bush.mat
  artifactKey: Guid(2dd69ae72d7131f43a7170f60171b7b1) Importer(815301076,1909f56bfc062723c751e8b465ee728b)
Start importing Assets/Materials/Shader Graphs_Bush.mat using Guid(2dd69ae72d7131f43a7170f60171b7b1) Importer(815301076,1909f56bfc062723c751e8b465ee728b)  -> (artifact id: '9dd7e6290c50a0c05f98bd8648336659') in 0.011947 seconds 
Number of updated asset objects reloaded before import = 0
Number of asset objects unloaded after import = 3
========================================================================
Received Import Request.
  Time since last request: 0.000022 seconds.
  path: Assets/Materials/Roof.mat
  artifactKey: Guid(8855ba1b2ac042f499335fb80a5a015b) Importer(815301076,1909f56bfc062723c751e8b465ee728b)
Start importing Assets/Materials/Roof.mat using Guid(8855ba1b2ac042f499335fb80a5a015b) Importer(815301076,1909f56bfc062723c751e8b465ee728b)  -> (artifact id: '86032dc626349fd367668c09f5bf0c53') in 0.011161 seconds 
Number of updated asset objects reloaded before import = 0
Number of asset objects unloaded after import = 3
========================================================================
Received Import Request.
  Time since last request: 0.000022 seconds.
  path: Assets/Materials/Window.mat
  artifactKey: Guid(3f9fde173faf70f4c9c482760bd51cfb) Importer(815301076,1909f56bfc062723c751e8b465ee728b)
Start importing Assets/Materials/Window.mat using Guid(3f9fde173faf70f4c9c482760bd51cfb) Importer(815301076,1909f56bfc062723c751e8b465ee728b)  -> (artifact id: 'c032dbe72ec78a90c40c7b0f84819867') in 0.011425 seconds 
Number of updated asset objects reloaded before import = 0
Number of asset objects unloaded after import = 3
Editor requested this worker to shutdown with reason: Scaling down because of idle timeout
TcpMessagingSession - receive error: operation aborted. errorcode: 995, details: Операция ввода/вывода была прервана из-за завершения потока команд или по запросу приложения.
AssetImportWorker is now disconnected from the server
Process exiting
Exiting without the bug reporter. Application will terminate with return code 0