Using pre-set license
Built from '2020.3/staging' branch; Version is '2020.3.10f1 (297d780c91bc) revision 2719096'; Using compiler version '192528614'; Build Type 'Release'
OS: 'Windows 10 Pro; OS build 19042.1052; Version 2009; 64bit' Language: 'ru' Physical Memory: 8190 MB
BatchMode: 1, IsHumanControllingUs: 0, StartBugReporterOnCrash: 0, Is64bit: 1, IsPro: 0

 COMMAND LINE ARGUMENTS:
E:\UNITYEDITORS\2020.3.10f1\Editor\Unity.exe
-adb2
-batchMode
-noUpm
-name
AssetImportWorker5
-projectPath
D:/Unity Projects/Lug-Tanks
-logFile
Logs/AssetImportWorker5.log
-srvPort
50128
Successfully changed project path to: D:/Unity Projects/Lug-Tanks
D:/Unity Projects/Lug-Tanks
Using Asset Import Pipeline V2.
Refreshing native plugins compatible for Editor in 340.03 ms, found 2 plugins.
Preloading 0 native plugins for Editor in 0.01 ms.
Initialize engine version: 2020.3.10f1 (297d780c91bc)
[Subsystems] Discovering subsystems at path E:/UNITYEDITORS/2020.3.10f1/Editor/Data/Resources/UnitySubsystems
[Subsystems] Discovering subsystems at path D:/Unity Projects/Lug-Tanks/Assets
GfxDevice: creating device client; threaded=0
Direct3D:
    Version:  Direct3D 11.0 [level 11.0]
    Renderer: AMD Radeon HD 6700 Series (ID=0x68ba)
    Vendor:   
    VRAM:     1010 MB
    Driver:   15.201.1151.1008
Shader 'Universal Render Pipeline/Particles/Lit': fallback shader 'Universal Render Pipeline/Particles/SimpleLit' not found
Initialize mono
Mono path[0] = 'E:/UNITYEDITORS/2020.3.10f1/Editor/Data/Managed'
Mono path[1] = 'E:/UNITYEDITORS/2020.3.10f1/Editor/Data/MonoBleedingEdge/lib/mono/unityjit'
Mono config path = 'E:/UNITYEDITORS/2020.3.10f1/Editor/Data/MonoBleedingEdge/etc'
Using monoOptions --debugger-agent=transport=dt_socket,embedding=1,server=y,suspend=n,address=127.0.0.1:56744
Begin MonoManager ReloadAssembly
Registering precompiled unity dll's ...
Register platform support module: E:/UNITYEDITORS/2020.3.10f1/Editor/Data/PlaybackEngines/WindowsStandaloneSupport/UnityEditor.WindowsStandalone.Extensions.dll
Registered in 0.003253 seconds.
Native extension for WindowsStandalone target not found
Refreshing native plugins compatible for Editor in 297.31 ms, found 2 plugins.
Preloading 0 native plugins for Editor in 0.00 ms.
Mono: successfully reloaded assembly
- Completed reload, in  8.148 seconds
Platform modules already initialized, skipping
Registering precompiled user dll's ...
Registered in 0.014710 seconds.
Begin MonoManager ReloadAssembly
Native extension for WindowsStandalone target not found
Refreshing native plugins compatible for Editor in 309.03 ms, found 2 plugins.
Preloading 0 native plugins for Editor in 0.00 ms.
Mono: successfully reloaded assembly
- Completed reload, in  6.842 seconds
Platform modules already initialized, skipping
========================================================================
Worker process is ready to serve import requests
Shader 'Universal Render Pipeline/Particles/Lit': fallback shader 'Universal Render Pipeline/Particles/SimpleLit' not found
Launched and connected shader compiler UnityShaderCompiler.exe after 0.67 seconds
Refreshing native plugins compatible for Editor in 3.41 ms, found 2 plugins.
Preloading 0 native plugins for Editor in 0.00 ms.
Unloading 3156 Unused Serialized files (Serialized files now loaded: 0)
System memory in use before: 164.2 MB.
System memory in use after: 164.4 MB.

Unloading 25 unused Assets to reduce memory usage. Loaded Objects now: 3596.
Total: 12.002300 ms (FindLiveObjects: 1.636800 ms CreateObjectMapping: 0.403200 ms MarkObjects: 9.621100 ms  DeleteObjects: 0.331600 ms)

========================================================================
Received Import Request.
  path: Assets/Scenes/Menu.unity
  artifactKey: Guid(f394fc39004dc854e81a1b622e212a4e) Importer(815301076,1909f56bfc062723c751e8b465ee728b)
Start importing Assets/Scenes/Menu.unity using Guid(f394fc39004dc854e81a1b622e212a4e) Importer(815301076,1909f56bfc062723c751e8b465ee728b)  -> (artifact id: '69b5afb7edd673b8671770b39932f616') in 0.263436 seconds
  Import took 0.330056 seconds .

========================================================================
Received Prepare
Shader 'Universal Render Pipeline/Particles/Lit': fallback shader 'Universal Render Pipeline/Particles/SimpleLit' not found
Refreshing native plugins compatible for Editor in 7.06 ms, found 2 plugins.
Preloading 0 native plugins for Editor in 0.00 ms.
Unloading 18 Unused Serialized files (Serialized files now loaded: 0)
System memory in use before: 88.3 MB.
System memory in use after: 88.5 MB.

Unloading 17 unused Assets to reduce memory usage. Loaded Objects now: 3596.
Total: 8.497200 ms (FindLiveObjects: 1.174600 ms CreateObjectMapping: 0.610500 ms MarkObjects: 6.649200 ms  DeleteObjects: 0.060400 ms)

========================================================================
Received Prepare
Registering precompiled user dll's ...
Registered in 0.008075 seconds.
Begin MonoManager ReloadAssembly
Native extension for WindowsStandalone target not found
Refreshing native plugins compatible for Editor in 1.35 ms, found 2 plugins.
Preloading 0 native plugins for Editor in 0.00 ms.
Mono: successfully reloaded assembly
- Completed reload, in 12.501 seconds
Platform modules already initialized, skipping
Shader 'Universal Render Pipeline/Particles/Lit': fallback shader 'Universal Render Pipeline/Particles/SimpleLit' not found
Refreshing native plugins compatible for Editor in 1.62 ms, found 2 plugins.
Preloading 0 native plugins for Editor in 0.00 ms.
Unloading 2935 Unused Serialized files (Serialized files now loaded: 0)
System memory in use before: 146.2 MB.
System memory in use after: 146.5 MB.

Unloading 20 unused Assets to reduce memory usage. Loaded Objects now: 3599.
Total: 7.204700 ms (FindLiveObjects: 0.934900 ms CreateObjectMapping: 0.688900 ms MarkObjects: 5.497900 ms  DeleteObjects: 0.078200 ms)

========================================================================
Received Prepare
Registering precompiled user dll's ...
Registered in 0.019888 seconds.
Begin MonoManager ReloadAssembly
Native extension for WindowsStandalone target not found
Refreshing native plugins compatible for Editor in 1.31 ms, found 2 plugins.
Preloading 0 native plugins for Editor in 0.00 ms.
Mono: successfully reloaded assembly
- Completed reload, in  4.852 seconds
Platform modules already initialized, skipping
Shader 'Universal Render Pipeline/Particles/Lit': fallback shader 'Universal Render Pipeline/Particles/SimpleLit' not found
Refreshing native plugins compatible for Editor in 1.32 ms, found 2 plugins.
Preloading 0 native plugins for Editor in 0.00 ms.
Unloading 2935 Unused Serialized files (Serialized files now loaded: 0)
System memory in use before: 146.3 MB.
System memory in use after: 146.5 MB.

Unloading 20 unused Assets to reduce memory usage. Loaded Objects now: 3602.
Total: 6.940000 ms (FindLiveObjects: 0.921000 ms CreateObjectMapping: 0.323600 ms MarkObjects: 5.624900 ms  DeleteObjects: 0.066500 ms)

========================================================================
Received Prepare
Shader 'Universal Render Pipeline/Particles/Lit': fallback shader 'Universal Render Pipeline/Particles/SimpleLit' not found
Refreshing native plugins compatible for Editor in 16.87 ms, found 2 plugins.
Preloading 0 native plugins for Editor in 0.00 ms.
Unloading 18 Unused Serialized files (Serialized files now loaded: 0)
System memory in use before: 88.6 MB.
System memory in use after: 88.8 MB.

Unloading 17 unused Assets to reduce memory usage. Loaded Objects now: 3602.
Total: 8.951900 ms (FindLiveObjects: 0.864600 ms CreateObjectMapping: 0.348000 ms MarkObjects: 7.682700 ms  DeleteObjects: 0.053500 ms)

========================================================================
Received Import Request.
  Time since last request: 630.533901 seconds.
  path: Assets/Resources/Tank.prefab
  artifactKey: Guid(2342c39f5537a734ba655480a41181ef) Importer(815301076,1909f56bfc062723c751e8b465ee728b)
Start importing Assets/Resources/Tank.prefab using Guid(2342c39f5537a734ba655480a41181ef) Importer(815301076,1909f56bfc062723c751e8b465ee728b)  -> (artifact id: '18b100fcde7c1d6520652f482a2e184e') in 8.025907 seconds
  Import took 8.276108 seconds .

========================================================================
Received Import Request.
  Time since last request: 0.879808 seconds.
  path: Assets/Resources/Tank.prefab
  artifactKey: Guid(2342c39f5537a734ba655480a41181ef) Importer(815301076,1909f56bfc062723c751e8b465ee728b)
Start importing Assets/Resources/Tank.prefab using Guid(2342c39f5537a734ba655480a41181ef) Importer(815301076,1909f56bfc062723c751e8b465ee728b)  -> (artifact id: '18b100fcde7c1d6520652f482a2e184e') in 1.555745 seconds
  Import took 2.135224 seconds .

========================================================================
Received Import Request.
  Time since last request: 87.075237 seconds.
  path: Assets/Resources/Tank.prefab
  artifactKey: Guid(2342c39f5537a734ba655480a41181ef) Importer(815301076,1909f56bfc062723c751e8b465ee728b)
Start importing Assets/Resources/Tank.prefab using Guid(2342c39f5537a734ba655480a41181ef) Importer(815301076,1909f56bfc062723c751e8b465ee728b)  -> (artifact id: 'fc672d1e8bfb09c8aa6ba046abef4e3b') in 3.554315 seconds
  Import took 3.635945 seconds .

========================================================================
Received Import Request.
  Time since last request: 24.116356 seconds.
  path: Assets/Resources/Tank.prefab
  artifactKey: Guid(2342c39f5537a734ba655480a41181ef) Importer(815301076,1909f56bfc062723c751e8b465ee728b)
Start importing Assets/Resources/Tank.prefab using Guid(2342c39f5537a734ba655480a41181ef) Importer(815301076,1909f56bfc062723c751e8b465ee728b)  -> (artifact id: 'fc672d1e8bfb09c8aa6ba046abef4e3b') in 0.370971 seconds
  Import took 0.387900 seconds .

========================================================================
Received Prepare
Registering precompiled user dll's ...
Registered in 0.199172 seconds.
Begin MonoManager ReloadAssembly
Native extension for WindowsStandalone target not found
Refreshing native plugins compatible for Editor in 1.32 ms, found 2 plugins.
Preloading 0 native plugins for Editor in 0.00 ms.
Mono: successfully reloaded assembly
- Completed reload, in  3.081 seconds
Platform modules already initialized, skipping
Shader 'Universal Render Pipeline/Particles/Lit': fallback shader 'Universal Render Pipeline/Particles/SimpleLit' not found
Refreshing native plugins compatible for Editor in 1.30 ms, found 2 plugins.
Preloading 0 native plugins for Editor in 0.00 ms.
Unloading 2935 Unused Serialized files (Serialized files now loaded: 0)
System memory in use before: 151.9 MB.
System memory in use after: 152.1 MB.

Unloading 20 unused Assets to reduce memory usage. Loaded Objects now: 3652.
Total: 6.722400 ms (FindLiveObjects: 0.981000 ms CreateObjectMapping: 0.355100 ms MarkObjects: 5.316600 ms  DeleteObjects: 0.065500 ms)

========================================================================
Received Prepare
Registering precompiled user dll's ...
Registered in 0.008712 seconds.
Begin MonoManager ReloadAssembly
Native extension for WindowsStandalone target not found
Refreshing native plugins compatible for Editor in 1.72 ms, found 2 plugins.
Preloading 0 native plugins for Editor in 0.00 ms.
Mono: successfully reloaded assembly
- Completed reload, in  5.813 seconds
Platform modules already initialized, skipping
Shader 'Universal Render Pipeline/Particles/Lit': fallback shader 'Universal Render Pipeline/Particles/SimpleLit' not found
Refreshing native plugins compatible for Editor in 1.36 ms, found 2 plugins.
Preloading 0 native plugins for Editor in 0.00 ms.
Unloading 2935 Unused Serialized files (Serialized files now loaded: 0)
System memory in use before: 151.9 MB.
System memory in use after: 152.1 MB.

Unloading 20 unused Assets to reduce memory usage. Loaded Objects now: 3655.
Total: 7.258700 ms (FindLiveObjects: 0.890300 ms CreateObjectMapping: 0.314000 ms MarkObjects: 5.976100 ms  DeleteObjects: 0.075300 ms)

========================================================================
Received Prepare
Shader 'Universal Render Pipeline/Particles/Lit': fallback shader 'Universal Render Pipeline/Particles/SimpleLit' not found
Refreshing native plugins compatible for Editor in 119.28 ms, found 2 plugins.
Preloading 0 native plugins for Editor in 0.00 ms.
Unloading 18 Unused Serialized files (Serialized files now loaded: 0)
System memory in use before: 94.2 MB.
System memory in use after: 94.4 MB.

Unloading 17 unused Assets to reduce memory usage. Loaded Objects now: 3655.
Total: 7.152600 ms (FindLiveObjects: 0.962500 ms CreateObjectMapping: 0.331500 ms MarkObjects: 5.805200 ms  DeleteObjects: 0.051300 ms)

========================================================================
Received Import Request.
  Time since last request: 160.564930 seconds.
  path: Assets/Resources/Tank.prefab
  artifactKey: Guid(2342c39f5537a734ba655480a41181ef) Importer(815301076,1909f56bfc062723c751e8b465ee728b)
Start importing Assets/Resources/Tank.prefab using Guid(2342c39f5537a734ba655480a41181ef) Importer(815301076,1909f56bfc062723c751e8b465ee728b)  -> (artifact id: '67ce491bd693c5425fe08c1b15bf2f58') in 0.697368 seconds
  Import took 0.768794 seconds .

========================================================================
Received Import Request.
  Time since last request: 279.830173 seconds.
  path: Assets/Resources/Tank.prefab
  artifactKey: Guid(2342c39f5537a734ba655480a41181ef) Importer(815301076,1909f56bfc062723c751e8b465ee728b)
Start importing Assets/Resources/Tank.prefab using Guid(2342c39f5537a734ba655480a41181ef) Importer(815301076,1909f56bfc062723c751e8b465ee728b)  -> (artifact id: '93b0e24f73d8806da343c1fc792c5cd7') in 0.671312 seconds
  Import took 0.754862 seconds .

========================================================================
Received Prepare
Shader 'Universal Render Pipeline/Particles/Lit': fallback shader 'Universal Render Pipeline/Particles/SimpleLit' not found
Refreshing native plugins compatible for Editor in 9.26 ms, found 2 plugins.
Preloading 0 native plugins for Editor in 0.00 ms.
Unloading 18 Unused Serialized files (Serialized files now loaded: 0)
System memory in use before: 96.0 MB.
System memory in use after: 96.3 MB.

Unloading 17 unused Assets to reduce memory usage. Loaded Objects now: 3655.
Total: 32.893500 ms (FindLiveObjects: 1.010200 ms CreateObjectMapping: 0.319600 ms MarkObjects: 31.477400 ms  DeleteObjects: 0.083500 ms)

========================================================================
Received Import Request.
  Time since last request: 361.897192 seconds.
  path: Assets/Resources/Tank.prefab
  artifactKey: Guid(2342c39f5537a734ba655480a41181ef) Importer(815301076,1909f56bfc062723c751e8b465ee728b)
Start importing Assets/Resources/Tank.prefab using Guid(2342c39f5537a734ba655480a41181ef) Importer(815301076,1909f56bfc062723c751e8b465ee728b)  -> (artifact id: 'd738e5bb8c9531ad104a3c398f4a0fe3') in 0.771245 seconds
  Import took 0.809945 seconds .

========================================================================
Received Prepare
Shader 'Universal Render Pipeline/Particles/Lit': fallback shader 'Universal Render Pipeline/Particles/SimpleLit' not found
Refreshing native plugins compatible for Editor in 8.01 ms, found 2 plugins.
Preloading 0 native plugins for Editor in 0.00 ms.
Unloading 18 Unused Serialized files (Serialized files now loaded: 0)
System memory in use before: 96.0 MB.
System memory in use after: 96.3 MB.

Unloading 17 unused Assets to reduce memory usage. Loaded Objects now: 3655.
Total: 8.866900 ms (FindLiveObjects: 1.005200 ms CreateObjectMapping: 0.324500 ms MarkObjects: 7.437800 ms  DeleteObjects: 0.097200 ms)

AssetImportWorkerClient::OnTransportError - code=2 error=End of file
