Using pre-set license
Built from '2022.2/staging' branch; Version is '2022.2.10f1 (bcebec703747) revision 12381164'; Using compiler version '192829333'; Build Type 'Release'
OS: 'Windows 10  (10.0.19045) 64bit Professional' Language: 'ru' Physical Memory: 14188 MB
BatchMode: 1, IsHumanControllingUs: 0, StartBugReporterOnCrash: 0, Is64bit: 1, IsPro: 1

COMMAND LINE ARGUMENTS:
D:\Unity\Editors\2022.2.10f1\Editor\Unity.exe
-adb2
-batchMode
-noUpm
-name
AssetImportWorker4
-projectPath
D:/Unity/Projects/Lug-Tanks
-logFile
Logs/AssetImportWorker4.log
-srvPort
56082
Successfully changed project path to: D:/Unity/Projects/Lug-Tanks
D:/Unity/Projects/Lug-Tanks
[UnityMemory] Configuration Parameters - Can be set up in boot.config
    "memorysetup-bucket-allocator-granularity=16"
    "memorysetup-bucket-allocator-bucket-count=8"
    "memorysetup-bucket-allocator-block-size=33554432"
    "memorysetup-bucket-allocator-block-count=8"
    "memorysetup-main-allocator-block-size=16777216"
    "memorysetup-thread-allocator-block-size=16777216"
    "memorysetup-gfx-main-allocator-block-size=16777216"
    "memorysetup-gfx-thread-allocator-block-size=16777216"
    "memorysetup-cache-allocator-block-size=4194304"
    "memorysetup-typetree-allocator-block-size=2097152"
    "memorysetup-profiler-bucket-allocator-granularity=16"
    "memorysetup-profiler-bucket-allocator-bucket-count=8"
    "memorysetup-profiler-bucket-allocator-block-size=33554432"
    "memorysetup-profiler-bucket-allocator-block-count=8"
    "memorysetup-profiler-allocator-block-size=16777216"
    "memorysetup-profiler-editor-allocator-block-size=1048576"
    "memorysetup-temp-allocator-size-main=16777216"
    "memorysetup-job-temp-allocator-block-size=2097152"
    "memorysetup-job-temp-allocator-block-size-background=1048576"
    "memorysetup-job-temp-allocator-reduction-small-platforms=262144"
    "memorysetup-temp-allocator-size-background-worker=32768"
    "memorysetup-temp-allocator-size-job-worker=262144"
    "memorysetup-temp-allocator-size-preload-manager=33554432"
    "memorysetup-temp-allocator-size-nav-mesh-worker=65536"
    "memorysetup-temp-allocator-size-audio-worker=65536"
    "memorysetup-temp-allocator-size-cloud-worker=32768"
    "memorysetup-temp-allocator-size-gi-baking-worker=262144"
    "memorysetup-temp-allocator-size-gfx=262144"
Player connection [17736] Host "[IP] 100.101.247.111 [Port] 0 [Flags] 2 [Guid] 4276321318 [EditorId] 4276321318 [Version] 1048832 [Id] WindowsEditor(7,DESKTOP-VH8M8RJ) [Debug] 1 [PackageName] WindowsEditor [ProjectName] Editor" joined multi-casting on [225.0.0.222:54997]...

Player connection [17736] Host "[IP] 100.101.247.111 [Port] 0 [Flags] 2 [Guid] 4276321318 [EditorId] 4276321318 [Version] 1048832 [Id] WindowsEditor(7,DESKTOP-VH8M8RJ) [Debug] 1 [PackageName] WindowsEditor [ProjectName] Editor" joined alternative multi-casting on [225.0.0.222:34997]...

Refreshing native plugins compatible for Editor in 9.94 ms, found 0 plugins.
Preloading 0 native plugins for Editor in 0.00 ms.
Initialize engine version: 2022.2.10f1 (bcebec703747)
[Subsystems] Discovering subsystems at path D:/Unity/Editors/2022.2.10f1/Editor/Data/Resources/UnitySubsystems
[Subsystems] Discovering subsystems at path D:/Unity/Projects/Lug-Tanks/Assets
GfxDevice: creating device client; threaded=0; jobified=0
Direct3D:
    Version:  Direct3D 11.0 [level 11.1]
    Renderer: NVIDIA GeForce RTX 3050 Laptop GPU (ID=0x25e2)
    Vendor:   NVIDIA
    VRAM:     3977 MB
    Driver:   31.0.15.3742
Initialize mono
Mono path[0] = 'D:/Unity/Editors/2022.2.10f1/Editor/Data/Managed'
Mono path[1] = 'D:/Unity/Editors/2022.2.10f1/Editor/Data/MonoBleedingEdge/lib/mono/unityjit-win32'
Mono config path = 'D:/Unity/Editors/2022.2.10f1/Editor/Data/MonoBleedingEdge/etc'
Using monoOptions --debugger-agent=transport=dt_socket,embedding=1,server=y,suspend=n,address=127.0.0.1:56300
Begin MonoManager ReloadAssembly
Registering precompiled unity dll's ...
Register platform support module: D:/Unity/Editors/2022.2.10f1/Editor/Data/PlaybackEngines/WebGLSupport/UnityEditor.WebGL.Extensions.dll
Register platform support module: D:/Unity/Editors/2022.2.10f1/Editor/Data/PlaybackEngines/AndroidPlayer/UnityEditor.Android.Extensions.dll
Register platform support module: D:/Unity/Editors/2022.2.10f1/Editor/Data/PlaybackEngines/WindowsStandaloneSupport/UnityEditor.WindowsStandalone.Extensions.dll
Registered in 0.007496 seconds.
- Loaded All Assemblies, in  0.368 seconds
Native extension for WindowsStandalone target not found
Native extension for Android target not found
Android Extension - Scanning For ADB Devices 277 ms
Native extension for WebGL target not found
Mono: successfully reloaded assembly
- Finished resetting the current domain, in  0.600 seconds
Domain Reload Profiling:
	ReloadAssembly (204ms)
		BeginReloadAssembly (95ms)
			ExecutionOrderSort (0ms)
			DisableScriptedObjects (0ms)
			BackupInstance (0ms)
			ReleaseScriptingObjects (0ms)
			CreateAndSetChildDomain (1ms)
		LoadAllAssembliesAndSetupDomain (0ms)
			LoadAssemblies (94ms)
			RebuildTransferFunctionScriptingTraits (0ms)
			SetupTypeCache (158ms)
				TypeCache.Initialize (157ms)
					TypeCache.ScanAssembly (155ms)
				ResolveRequiredComponents (1ms)
		FinalizeReload (0ms)
			ReleaseScriptCaches (0ms)
			RebuildScriptCaches (0ms)
			SetupLoadedEditorAssemblies (539ms)
				LogAssemblyErrors (0ms)
				InitializePlatformSupportModulesInManaged (367ms)
				SetLoadedEditorAssemblies (5ms)
				RefreshPlugins (0ms)
				BeforeProcessingInitializeOnLoad (1ms)
				ProcessInitializeOnLoadAttributes (116ms)
				ProcessInitializeOnLoadMethodAttributes (50ms)
				AfterProcessingInitializeOnLoad (0ms)
				EditorAssembliesLoaded (0ms)
			ExecutionOrderSort2 (0ms)
			AwakeInstancesAfterBackupRestoration (0ms)
========================================================================
Worker process is ready to serve import requests
Begin MonoManager ReloadAssembly
- Loaded All Assemblies, in  0.765 seconds
Refreshing native plugins compatible for Editor in 3.41 ms, found 0 plugins.
Native extension for WindowsStandalone target not found
Native extension for Android target not found
Native extension for WebGL target not found
Mono: successfully reloaded assembly
- Finished resetting the current domain, in  0.639 seconds
Domain Reload Profiling:
	ReloadAssembly (238ms)
		BeginReloadAssembly (140ms)
			ExecutionOrderSort (0ms)
			DisableScriptedObjects (6ms)
			BackupInstance (0ms)
			ReleaseScriptingObjects (0ms)
			CreateAndSetChildDomain (31ms)
		LoadAllAssembliesAndSetupDomain (526ms)
			LoadAssemblies (276ms)
			RebuildTransferFunctionScriptingTraits (0ms)
			SetupTypeCache (314ms)
				TypeCache.Initialize (280ms)
					TypeCache.ScanAssembly (274ms)
				ResolveRequiredComponents (14ms)
		FinalizeReload (0ms)
			ReleaseScriptCaches (0ms)
			RebuildScriptCaches (0ms)
			SetupLoadedEditorAssemblies (455ms)
				LogAssemblyErrors (0ms)
				InitializePlatformSupportModulesInManaged (22ms)
				SetLoadedEditorAssemblies (4ms)
				RefreshPlugins (0ms)
				BeforeProcessingInitializeOnLoad (84ms)
				ProcessInitializeOnLoadAttributes (274ms)
				ProcessInitializeOnLoadMethodAttributes (68ms)
				AfterProcessingInitializeOnLoad (2ms)
				EditorAssembliesLoaded (0ms)
			ExecutionOrderSort2 (0ms)
			AwakeInstancesAfterBackupRestoration (5ms)
Launched and connected shader compiler UnityShaderCompiler.exe after 0.04 seconds
Refreshing native plugins compatible for Editor in 2.61 ms, found 0 plugins.
Preloading 0 native plugins for Editor in 0.00 ms.
Unloading 3716 Unused Serialized files (Serialized files now loaded: 0)
Unloading 81 unused Assets / (1.7 MB). Loaded Objects now: 4182.
Memory consumption went from 0.62 GB to 0.62 GB.
Total: 3.631100 ms (FindLiveObjects: 0.315600 ms CreateObjectMapping: 0.256900 ms MarkObjects: 2.609000 ms  DeleteObjects: 0.448400 ms)

AssetImportParameters requested are different than current active one (requested -> active):
  custom:container-demuxer-ogg: 62fdf1f143b41e24485cea50d1cbac27 -> 
  custom:video-decoder-ogg-theora: a1e56fd34408186e4bbccfd4996cb3dc -> 
  custom:framework-win-MediaFoundation: 216162199b28c13a410421893ffa2e32 -> 
  custom:container-demuxer-webm: 4f35f7cbe854078d1ac9338744f61a02 -> 
  custom:container-muxer-webm: aa71ff27fc2769a1b78a27578f13a17b -> 
  custom:video-decoder-webm-vp8: 9c59270c3fd7afecdb556c50c9e8de78 -> 
  custom:SearchIndexIgnoredProperties: e643bd26f0fe6173181afceb89e7c659 -> 
  custom:AudioImporter_EditorPlatform: d09bf68614088b80899f8185d706f6e7 -> 
  custom:video-encoder-webm-vp8: eb34c28f22e8b96e1ab97ce403110664 -> 
  custom:audio-decoder-ogg-vorbis: bf7c407c2cedff20999df2af8eb42d56 -> 
  custom:audio-encoder-webm-vorbis: bf7c407c2cedff20999df2af8eb42d56 -> 
========================================================================
Received Import Request.
  Time since last request: 37978.418594 seconds.
  path: Assets/Packages/SkySerie Freebie/FreebieHdri/CoriolisNight4k.hdr
  artifactKey: Guid(354036e57ae357148aed267204ce73a7) Importer(815301076,1909f56bfc062723c751e8b465ee728b)
Start importing Assets/Packages/SkySerie Freebie/FreebieHdri/CoriolisNight4k.hdr using Guid(354036e57ae357148aed267204ce73a7) Importer(815301076,1909f56bfc062723c751e8b465ee728b)  -> (artifact id: '92d2a1463e32f443c69a733b2d4eb839') in 0.387575 seconds 
Number of updated asset objects reloaded before import = 0
Number of asset objects unloaded after import = 3
========================================================================
Received Import Request.
  Time since last request: 0.657215 seconds.
  path: Assets/Packages/SkySerie Freebie/FreebieHdri/MegaSunRight.hdr
  artifactKey: Guid(f5760fc943c5eb643a2291630888f6a1) Importer(815301076,1909f56bfc062723c751e8b465ee728b)
Start importing Assets/Packages/SkySerie Freebie/FreebieHdri/MegaSunRight.hdr using Guid(f5760fc943c5eb643a2291630888f6a1) Importer(815301076,1909f56bfc062723c751e8b465ee728b)  -> (artifact id: '763b29edcbb9d966144b52510491df78') in 0.010322 seconds 
Number of updated asset objects reloaded before import = 0
Number of asset objects unloaded after import = 2
========================================================================
Received Import Request.
  Time since last request: 0.000022 seconds.
  path: Assets/Packages/Easy performant outline/Demo/Models for Demo scene/Free 2D Demo Character sprite sheet/Sprite sheet/Run-hero01_004.png
  artifactKey: Guid(5a69258a36eabec4189d61c242aad879) Importer(815301076,1909f56bfc062723c751e8b465ee728b)
Start importing Assets/Packages/Easy performant outline/Demo/Models for Demo scene/Free 2D Demo Character sprite sheet/Sprite sheet/Run-hero01_004.png using Guid(5a69258a36eabec4189d61c242aad879) Importer(815301076,1909f56bfc062723c751e8b465ee728b)  -> (artifact id: 'b72cd52a85b29f25e26b2d4868cd7593') in 0.018151 seconds 
Number of updated asset objects reloaded before import = 0
Number of asset objects unloaded after import = 3
========================================================================
Received Import Request.
  Time since last request: 0.000039 seconds.
  path: Assets/Packages/Easy performant outline/Demo/Models for Demo scene/Free 2D Demo Character sprite sheet/Sprite sheet/Sit-down01-hero01_004.png
  artifactKey: Guid(18100ff452fff7f4a9f6e318dc2115ba) Importer(815301076,1909f56bfc062723c751e8b465ee728b)
Start importing Assets/Packages/Easy performant outline/Demo/Models for Demo scene/Free 2D Demo Character sprite sheet/Sprite sheet/Sit-down01-hero01_004.png using Guid(18100ff452fff7f4a9f6e318dc2115ba) Importer(815301076,1909f56bfc062723c751e8b465ee728b)  -> (artifact id: 'a30e8d99411f033ebd6a403e8bd4de84') in 0.012527 seconds 
Number of updated asset objects reloaded before import = 0
Number of asset objects unloaded after import = 3
========================================================================
Received Import Request.
  Time since last request: 0.000017 seconds.
  path: Assets/Packages/Demigiant/DemiLib/Core/Editor/Imgs/squareBorderCurvedAlpha.png
  artifactKey: Guid(a1606d34a052ed3449da93edd229743e) Importer(815301076,1909f56bfc062723c751e8b465ee728b)
Start importing Assets/Packages/Demigiant/DemiLib/Core/Editor/Imgs/squareBorderCurvedAlpha.png using Guid(a1606d34a052ed3449da93edd229743e) Importer(815301076,1909f56bfc062723c751e8b465ee728b)  -> (artifact id: '06db29743c9ebfae05003444251bd1e2') in 0.006085 seconds 
Number of updated asset objects reloaded before import = 0
Number of asset objects unloaded after import = 2
========================================================================
Received Import Request.
  Time since last request: 0.000017 seconds.
  path: Assets/Packages/Easy performant outline/Demo/Models for Demo scene/Free 2D Demo Character sprite sheet/Sprite sheet/Sit-down01-hero01_012.png
  artifactKey: Guid(e25c2bdd19d8aee4fb23c02b3c3e053d) Importer(815301076,1909f56bfc062723c751e8b465ee728b)
Start importing Assets/Packages/Easy performant outline/Demo/Models for Demo scene/Free 2D Demo Character sprite sheet/Sprite sheet/Sit-down01-hero01_012.png using Guid(e25c2bdd19d8aee4fb23c02b3c3e053d) Importer(815301076,1909f56bfc062723c751e8b465ee728b)  -> (artifact id: '5770fdafb1ed2e0b1309fa0b0c8a5b3d') in 0.012540 seconds 
Number of updated asset objects reloaded before import = 0
Number of asset objects unloaded after import = 3
========================================================================
Received Import Request.
  Time since last request: 0.000021 seconds.
  path: Assets/Packages/Easy performant outline/Demo/Models for Demo scene/Free 2D Demo Character sprite sheet/Sprite sheet/Sit-down01-hero01_001.png
  artifactKey: Guid(57cd2ff5788e34044af716c73219bc85) Importer(815301076,1909f56bfc062723c751e8b465ee728b)
Start importing Assets/Packages/Easy performant outline/Demo/Models for Demo scene/Free 2D Demo Character sprite sheet/Sprite sheet/Sit-down01-hero01_001.png using Guid(57cd2ff5788e34044af716c73219bc85) Importer(815301076,1909f56bfc062723c751e8b465ee728b)  -> (artifact id: '98d5d51a369a84a0d053d2f92ffd3783') in 0.012173 seconds 
Number of updated asset objects reloaded before import = 0
Number of asset objects unloaded after import = 3
========================================================================
Received Import Request.
  Time since last request: 0.000018 seconds.
  path: Assets/Packages/Easy performant outline/Demo/Models for Demo scene/Free 2D Demo Character sprite sheet/Sprite sheet/Sneaking-hero01_015.png
  artifactKey: Guid(68d1604090598bc459d0464346c971b1) Importer(815301076,1909f56bfc062723c751e8b465ee728b)
Start importing Assets/Packages/Easy performant outline/Demo/Models for Demo scene/Free 2D Demo Character sprite sheet/Sprite sheet/Sneaking-hero01_015.png using Guid(68d1604090598bc459d0464346c971b1) Importer(815301076,1909f56bfc062723c751e8b465ee728b)  -> (artifact id: '516432ee18506acd31e7c7b9bdb4b206') in 0.012939 seconds 
Number of updated asset objects reloaded before import = 0
Number of asset objects unloaded after import = 3
========================================================================
Received Import Request.
  Time since last request: 0.000019 seconds.
  path: Assets/Packages/Easy performant outline/Demo/Models for Demo scene/Free 2D Demo Character sprite sheet/Sprite sheet/Sneaking-hero01_007.png
  artifactKey: Guid(d7998276afe200249b738439ea45cc93) Importer(815301076,1909f56bfc062723c751e8b465ee728b)
Start importing Assets/Packages/Easy performant outline/Demo/Models for Demo scene/Free 2D Demo Character sprite sheet/Sprite sheet/Sneaking-hero01_007.png using Guid(d7998276afe200249b738439ea45cc93) Importer(815301076,1909f56bfc062723c751e8b465ee728b)  -> (artifact id: '2a15863b04b9bbbcaa8f362f3624e2a1') in 0.012010 seconds 
Number of updated asset objects reloaded before import = 0
Number of asset objects unloaded after import = 3
========================================================================
Received Import Request.
  Time since last request: 0.000026 seconds.
  path: Assets/Packages/Easy performant outline/Demo/Models for Demo scene/Free 2D Demo Character sprite sheet/Sprite sheet/Sneaking-hero01_011.png
  artifactKey: Guid(96a6d7e41089e184d99534affd9dbe28) Importer(815301076,1909f56bfc062723c751e8b465ee728b)
Start importing Assets/Packages/Easy performant outline/Demo/Models for Demo scene/Free 2D Demo Character sprite sheet/Sprite sheet/Sneaking-hero01_011.png using Guid(96a6d7e41089e184d99534affd9dbe28) Importer(815301076,1909f56bfc062723c751e8b465ee728b)  -> (artifact id: 'e9840e228f5d174d1952c477f1f4ad70') in 0.011968 seconds 
Number of updated asset objects reloaded before import = 0
Number of asset objects unloaded after import = 3
========================================================================
Received Import Request.
  Time since last request: 0.000028 seconds.
  path: Assets/Packages/Easy performant outline/Demo/Models for Demo scene/Free 2D Demo Character sprite sheet/Sprite sheet/Sneaking-hero01_010.png
  artifactKey: Guid(c9087e46117256e42ba682c9c3889289) Importer(815301076,1909f56bfc062723c751e8b465ee728b)
Start importing Assets/Packages/Easy performant outline/Demo/Models for Demo scene/Free 2D Demo Character sprite sheet/Sprite sheet/Sneaking-hero01_010.png using Guid(c9087e46117256e42ba682c9c3889289) Importer(815301076,1909f56bfc062723c751e8b465ee728b)  -> (artifact id: '9536a8b70e3433cbb005f402176df83e') in 0.012978 seconds 
Number of updated asset objects reloaded before import = 0
Number of asset objects unloaded after import = 3
========================================================================
Received Import Request.
  Time since last request: 0.000018 seconds.
  path: Assets/Packages/Easy performant outline/Demo/Models for Demo scene/Free 2D Demo Character sprite sheet/Sprite sheet/Run-hero01_002.png
  artifactKey: Guid(e88d8ca68c295304aaadb53d5bcf85ba) Importer(815301076,1909f56bfc062723c751e8b465ee728b)
Start importing Assets/Packages/Easy performant outline/Demo/Models for Demo scene/Free 2D Demo Character sprite sheet/Sprite sheet/Run-hero01_002.png using Guid(e88d8ca68c295304aaadb53d5bcf85ba) Importer(815301076,1909f56bfc062723c751e8b465ee728b)  -> (artifact id: '23b9f1e54f0373d18acf25d59c515a3e') in 0.012446 seconds 
Number of updated asset objects reloaded before import = 0
Number of asset objects unloaded after import = 3
========================================================================
Received Import Request.
  Time since last request: 0.000029 seconds.
  path: Assets/Packages/Easy performant outline/Demo/Models for Demo scene/Free 2D Demo Character sprite sheet/Sprite sheet/Slide-hero01_001.png
  artifactKey: Guid(7c124a9ed0266234bb8248d665ea1d35) Importer(815301076,1909f56bfc062723c751e8b465ee728b)
Start importing Assets/Packages/Easy performant outline/Demo/Models for Demo scene/Free 2D Demo Character sprite sheet/Sprite sheet/Slide-hero01_001.png using Guid(7c124a9ed0266234bb8248d665ea1d35) Importer(815301076,1909f56bfc062723c751e8b465ee728b)  -> (artifact id: '7d74f4c848af2fd41e0e799e3724b5b7') in 0.012852 seconds 
Number of updated asset objects reloaded before import = 0
Number of asset objects unloaded after import = 3
========================================================================
Received Import Request.
  Time since last request: 0.000021 seconds.
  path: Assets/Packages/Easy performant outline/Demo/Models for Demo scene/Free 2D Demo Character sprite sheet/Sprite sheet/Run-hero01_007.png
  artifactKey: Guid(89da639ac069d9c46a8d266d6b73cf35) Importer(815301076,1909f56bfc062723c751e8b465ee728b)
Start importing Assets/Packages/Easy performant outline/Demo/Models for Demo scene/Free 2D Demo Character sprite sheet/Sprite sheet/Run-hero01_007.png using Guid(89da639ac069d9c46a8d266d6b73cf35) Importer(815301076,1909f56bfc062723c751e8b465ee728b)  -> (artifact id: '6f408acebf35ac9bfbd7c341a200ee6d') in 0.012894 seconds 
Number of updated asset objects reloaded before import = 0
Number of asset objects unloaded after import = 3
========================================================================
Received Import Request.
  Time since last request: 0.000044 seconds.
  path: Assets/Packages/Easy performant outline/Demo/Models for Demo scene/Free 2D Demo Character sprite sheet/Sprite sheet/Sit-down01-hero01_003.png
  artifactKey: Guid(13d3f4c50826b3141b1c0b3eae41be6c) Importer(815301076,1909f56bfc062723c751e8b465ee728b)
Start importing Assets/Packages/Easy performant outline/Demo/Models for Demo scene/Free 2D Demo Character sprite sheet/Sprite sheet/Sit-down01-hero01_003.png using Guid(13d3f4c50826b3141b1c0b3eae41be6c) Importer(815301076,1909f56bfc062723c751e8b465ee728b)  -> (artifact id: 'cfd63def0d85f11d22541ddd6ed64e23') in 0.010147 seconds 
Number of updated asset objects reloaded before import = 0
Number of asset objects unloaded after import = 3
========================================================================
Received Import Request.
  Time since last request: 0.000019 seconds.
  path: Assets/Packages/Easy performant outline/Demo/Models for Demo scene/Free 2D Demo Character sprite sheet/Sprite sheet/Sneaking-hero01_004.png
  artifactKey: Guid(6a38f67ee320b6a4da89152b8b40ae84) Importer(815301076,1909f56bfc062723c751e8b465ee728b)
Start importing Assets/Packages/Easy performant outline/Demo/Models for Demo scene/Free 2D Demo Character sprite sheet/Sprite sheet/Sneaking-hero01_004.png using Guid(6a38f67ee320b6a4da89152b8b40ae84) Importer(815301076,1909f56bfc062723c751e8b465ee728b)  -> (artifact id: '43f4254b2d0897f26f7ccafa806b1574') in 0.012906 seconds 
Number of updated asset objects reloaded before import = 0
Number of asset objects unloaded after import = 3
========================================================================
Received Import Request.
  Time since last request: 0.000018 seconds.
  path: Assets/Packages/Easy performant outline/Demo/Models for Demo scene/Free 2D Demo Character sprite sheet/Sprite sheet/Sneaking-hero01_002.png
  artifactKey: Guid(b622adcb34f7655418b36f0d84525646) Importer(815301076,1909f56bfc062723c751e8b465ee728b)
Start importing Assets/Packages/Easy performant outline/Demo/Models for Demo scene/Free 2D Demo Character sprite sheet/Sprite sheet/Sneaking-hero01_002.png using Guid(b622adcb34f7655418b36f0d84525646) Importer(815301076,1909f56bfc062723c751e8b465ee728b)  -> (artifact id: '41ad56f6f44439f23677cb1257fdeba0') in 0.013312 seconds 
Number of updated asset objects reloaded before import = 0
Number of asset objects unloaded after import = 3
========================================================================
Received Import Request.
  Time since last request: 0.000019 seconds.
  path: Assets/Packages/Easy performant outline/Demo/Models for Demo scene/Free 2D Demo Character sprite sheet/Sprite sheet/Sit-down01-hero01_008.png
  artifactKey: Guid(0c7552ff8c306c7499206b45a8cec188) Importer(815301076,1909f56bfc062723c751e8b465ee728b)
Start importing Assets/Packages/Easy performant outline/Demo/Models for Demo scene/Free 2D Demo Character sprite sheet/Sprite sheet/Sit-down01-hero01_008.png using Guid(0c7552ff8c306c7499206b45a8cec188) Importer(815301076,1909f56bfc062723c751e8b465ee728b)  -> (artifact id: 'db46fbe6d34ff13a4739a2392df22fb8') in 0.012228 seconds 
Number of updated asset objects reloaded before import = 0
Number of asset objects unloaded after import = 3
========================================================================
Received Import Request.
  Time since last request: 0.000023 seconds.
  path: Assets/Packages/Demigiant/DemiLib/Core/Editor/Imgs/squareBorderThickEmpty.png
  artifactKey: Guid(c456d5ac01d2aa843a63985497b04931) Importer(815301076,1909f56bfc062723c751e8b465ee728b)
Start importing Assets/Packages/Demigiant/DemiLib/Core/Editor/Imgs/squareBorderThickEmpty.png using Guid(c456d5ac01d2aa843a63985497b04931) Importer(815301076,1909f56bfc062723c751e8b465ee728b)  -> (artifact id: 'a49c180549d7b4a37a7afcdf915b9bd2') in 0.005552 seconds 
Number of updated asset objects reloaded before import = 0
Number of asset objects unloaded after import = 2
========================================================================
Received Import Request.
  Time since last request: 0.000019 seconds.
  path: Assets/Packages/Easy performant outline/Demo/Models for Demo scene/Free 2D Demo Character sprite sheet/Sprite sheet/Sneaking-hero01_006.png
  artifactKey: Guid(14d9d77a76b6bbd4d810e1ae4c7a77e6) Importer(815301076,1909f56bfc062723c751e8b465ee728b)
Start importing Assets/Packages/Easy performant outline/Demo/Models for Demo scene/Free 2D Demo Character sprite sheet/Sprite sheet/Sneaking-hero01_006.png using Guid(14d9d77a76b6bbd4d810e1ae4c7a77e6) Importer(815301076,1909f56bfc062723c751e8b465ee728b)  -> (artifact id: '92c86564ae3ca4dd35147a13368c67f9') in 0.012663 seconds 
Number of updated asset objects reloaded before import = 0
Number of asset objects unloaded after import = 3
========================================================================
Received Import Request.
  Time since last request: 0.000023 seconds.
  path: Assets/Packages/Easy performant outline/Demo/Models for Demo scene/Free 2D Demo Character sprite sheet/Sprite sheet/Sit-down01-hero01_009.png
  artifactKey: Guid(92be06b7fb02d264686f970238bcefea) Importer(815301076,1909f56bfc062723c751e8b465ee728b)
Start importing Assets/Packages/Easy performant outline/Demo/Models for Demo scene/Free 2D Demo Character sprite sheet/Sprite sheet/Sit-down01-hero01_009.png using Guid(92be06b7fb02d264686f970238bcefea) Importer(815301076,1909f56bfc062723c751e8b465ee728b)  -> (artifact id: '6cb79901b0bb3c0ae3aefd265c6f5762') in 0.010951 seconds 
Number of updated asset objects reloaded before import = 0
Number of asset objects unloaded after import = 3
========================================================================
Received Import Request.
  Time since last request: 0.000028 seconds.
  path: Assets/Packages/Demigiant/DemiLib/Core/Editor/Imgs/squareBorderAlpha15.png
  artifactKey: Guid(dfd33662d9f6f3849bd92f6e159ca226) Importer(815301076,1909f56bfc062723c751e8b465ee728b)
Start importing Assets/Packages/Demigiant/DemiLib/Core/Editor/Imgs/squareBorderAlpha15.png using Guid(dfd33662d9f6f3849bd92f6e159ca226) Importer(815301076,1909f56bfc062723c751e8b465ee728b)  -> (artifact id: '696772745e1cfc659fda043a2fda882f') in 0.005854 seconds 
Number of updated asset objects reloaded before import = 0
Number of asset objects unloaded after import = 2
========================================================================
Received Import Request.
  Time since last request: 0.000019 seconds.
  path: Assets/Packages/Easy performant outline/Demo/Models for Demo scene/Free 2D Demo Character sprite sheet/Sprite sheet/Slide-hero01_003.png
  artifactKey: Guid(7872abef11e1f0847a721b430ca2f735) Importer(815301076,1909f56bfc062723c751e8b465ee728b)
Start importing Assets/Packages/Easy performant outline/Demo/Models for Demo scene/Free 2D Demo Character sprite sheet/Sprite sheet/Slide-hero01_003.png using Guid(7872abef11e1f0847a721b430ca2f735) Importer(815301076,1909f56bfc062723c751e8b465ee728b)  -> (artifact id: 'aa5e151d752644170cb63a9bdf300d10') in 0.013062 seconds 
Number of updated asset objects reloaded before import = 0
Number of asset objects unloaded after import = 3
========================================================================
Received Import Request.
  Time since last request: 0.000024 seconds.
  path: Assets/Packages/Easy performant outline/Demo/Models for Demo scene/Free 2D Demo Character sprite sheet/Sprite sheet/Sneaking-hero01_008.png
  artifactKey: Guid(715faa84a4d10e94394542f883e1b99e) Importer(815301076,1909f56bfc062723c751e8b465ee728b)
Start importing Assets/Packages/Easy performant outline/Demo/Models for Demo scene/Free 2D Demo Character sprite sheet/Sprite sheet/Sneaking-hero01_008.png using Guid(715faa84a4d10e94394542f883e1b99e) Importer(815301076,1909f56bfc062723c751e8b465ee728b)  -> (artifact id: 'b80463a9b482325cc040e4286f9f3518') in 0.013839 seconds 
Number of updated asset objects reloaded before import = 0
Number of asset objects unloaded after import = 3
========================================================================
Received Import Request.
  Time since last request: 0.000018 seconds.
  path: Assets/Packages/Easy performant outline/Demo/Models for Demo scene/Free 2D Demo Character sprite sheet/Sprite sheet/Sit-down01-hero01_005.png
  artifactKey: Guid(0016f13aaef94ca428dda6a997473230) Importer(815301076,1909f56bfc062723c751e8b465ee728b)
Start importing Assets/Packages/Easy performant outline/Demo/Models for Demo scene/Free 2D Demo Character sprite sheet/Sprite sheet/Sit-down01-hero01_005.png using Guid(0016f13aaef94ca428dda6a997473230) Importer(815301076,1909f56bfc062723c751e8b465ee728b)  -> (artifact id: 'b9c3ebcee026986facdebcf17a8c60da') in 0.010677 seconds 
Number of updated asset objects reloaded before import = 0
Number of asset objects unloaded after import = 3
========================================================================
Received Import Request.
  Time since last request: 0.000022 seconds.
  path: Assets/Packages/Easy performant outline/Demo/Models for Demo scene/Free 2D Demo Character sprite sheet/Sprite sheet/Sit-down01-hero01_013.png
  artifactKey: Guid(61218ddc99af0b149b1fd04e7c6a2b57) Importer(815301076,1909f56bfc062723c751e8b465ee728b)
Start importing Assets/Packages/Easy performant outline/Demo/Models for Demo scene/Free 2D Demo Character sprite sheet/Sprite sheet/Sit-down01-hero01_013.png using Guid(61218ddc99af0b149b1fd04e7c6a2b57) Importer(815301076,1909f56bfc062723c751e8b465ee728b)  -> (artifact id: 'c115fcea040efadc8aaf904752dba72f') in 0.011071 seconds 
Number of updated asset objects reloaded before import = 0
Number of asset objects unloaded after import = 3
========================================================================
Received Import Request.
  Time since last request: 0.000023 seconds.
  path: Assets/Packages/Easy performant outline/Demo/Models for Demo scene/Free 2D Demo Character sprite sheet/Sprite sheet/Sneaking-hero01_014.png
  artifactKey: Guid(d28af7fd4bf31e0419d6d84afab7b599) Importer(815301076,1909f56bfc062723c751e8b465ee728b)
Start importing Assets/Packages/Easy performant outline/Demo/Models for Demo scene/Free 2D Demo Character sprite sheet/Sprite sheet/Sneaking-hero01_014.png using Guid(d28af7fd4bf31e0419d6d84afab7b599) Importer(815301076,1909f56bfc062723c751e8b465ee728b)  -> (artifact id: '82dd4ff7a74a82a5f03ab3528fce196f') in 0.012855 seconds 
Number of updated asset objects reloaded before import = 0
Number of asset objects unloaded after import = 3
========================================================================
Received Import Request.
  Time since last request: 0.000017 seconds.
  path: Assets/Packages/Easy performant outline/Demo/Models for Demo scene/Free 2D Demo Character sprite sheet/Sprite sheet/Sit-down01-hero01_010.png
  artifactKey: Guid(7f8a48a16c276734c9a8eab29d26ae8d) Importer(815301076,1909f56bfc062723c751e8b465ee728b)
Start importing Assets/Packages/Easy performant outline/Demo/Models for Demo scene/Free 2D Demo Character sprite sheet/Sprite sheet/Sit-down01-hero01_010.png using Guid(7f8a48a16c276734c9a8eab29d26ae8d) Importer(815301076,1909f56bfc062723c751e8b465ee728b)  -> (artifact id: '8414f852de20c0354bd0d5b1520cb1d1') in 0.012626 seconds 
Number of updated asset objects reloaded before import = 0
Number of asset objects unloaded after import = 3
========================================================================
Received Import Request.
  Time since last request: 0.000025 seconds.
  path: Assets/Packages/Easy performant outline/Demo/Models for Demo scene/Free 2D Demo Character sprite sheet/Sprite sheet/Run-hero01_003.png
  artifactKey: Guid(6e2b8bfb007c9074aba5bdfdd55c3d14) Importer(815301076,1909f56bfc062723c751e8b465ee728b)
Start importing Assets/Packages/Easy performant outline/Demo/Models for Demo scene/Free 2D Demo Character sprite sheet/Sprite sheet/Run-hero01_003.png using Guid(6e2b8bfb007c9074aba5bdfdd55c3d14) Importer(815301076,1909f56bfc062723c751e8b465ee728b)  -> (artifact id: '35f553d262d921185967cd37edcef3d2') in 0.010850 seconds 
Number of updated asset objects reloaded before import = 0
Number of asset objects unloaded after import = 3
========================================================================
Received Import Request.
  Time since last request: 0.000019 seconds.
  path: Assets/Packages/Easy performant outline/Demo/Models for Demo scene/Free 2D Demo Character sprite sheet/Sprite sheet/Sit-down01-hero01_007.png
  artifactKey: Guid(101ea3e9272fc154584bb3a65ca208b0) Importer(815301076,1909f56bfc062723c751e8b465ee728b)
Start importing Assets/Packages/Easy performant outline/Demo/Models for Demo scene/Free 2D Demo Character sprite sheet/Sprite sheet/Sit-down01-hero01_007.png using Guid(101ea3e9272fc154584bb3a65ca208b0) Importer(815301076,1909f56bfc062723c751e8b465ee728b)  -> (artifact id: '98eea4943797212e3bf210ac5ff0e24c') in 0.012209 seconds 
Number of updated asset objects reloaded before import = 0
Number of asset objects unloaded after import = 3
Editor requested this worker to shutdown with reason: Scaling down because of idle timeout
TcpMessagingSession - receive error: operation aborted. errorcode: 995, details: Операция ввода/вывода была прервана из-за завершения потока команд или по запросу приложения.
AssetImportWorker is now disconnected from the server
Process exiting
Exiting without the bug reporter. Application will terminate with return code 0